{
    "meta": {
        "format": 3,
        "version": "7.13.0",
        "timestamp": "2025-12-17T12:16:33.096015",
        "branch_coverage": true,
        "show_contexts": false
    },
    "files": {
        "app/__init__.py": {
            "executed_lines": [
                1
            ],
            "summary": {
                "covered_lines": 0,
                "num_statements": 0,
                "percent_covered": 100.0,
                "percent_covered_display": "100.00",
                "missing_lines": 0,
                "excluded_lines": 0,
                "percent_statements_covered": 100.0,
                "percent_statements_covered_display": "100.00",
                "num_branches": 0,
                "num_partial_branches": 0,
                "covered_branches": 0,
                "missing_branches": 0,
                "percent_branches_covered": 100.0,
                "percent_branches_covered_display": "100.00"
            },
            "missing_lines": [],
            "excluded_lines": [],
            "executed_branches": [],
            "missing_branches": [],
            "functions": {
                "": {
                    "executed_lines": [
                        1
                    ],
                    "summary": {
                        "covered_lines": 0,
                        "num_statements": 0,
                        "percent_covered": 100.0,
                        "percent_covered_display": "100.00",
                        "missing_lines": 0,
                        "excluded_lines": 0,
                        "percent_statements_covered": 100.0,
                        "percent_statements_covered_display": "100.00",
                        "num_branches": 0,
                        "num_partial_branches": 0,
                        "covered_branches": 0,
                        "missing_branches": 0,
                        "percent_branches_covered": 100.0,
                        "percent_branches_covered_display": "100.00"
                    },
                    "missing_lines": [],
                    "excluded_lines": [],
                    "executed_branches": [],
                    "missing_branches": []
                }
            },
            "classes": {
                "": {
                    "executed_lines": [
                        1
                    ],
                    "summary": {
                        "covered_lines": 0,
                        "num_statements": 0,
                        "percent_covered": 100.0,
                        "percent_covered_display": "100.00",
                        "missing_lines": 0,
                        "excluded_lines": 0,
                        "percent_statements_covered": 100.0,
                        "percent_statements_covered_display": "100.00",
                        "num_branches": 0,
                        "num_partial_branches": 0,
                        "covered_branches": 0,
                        "missing_branches": 0,
                        "percent_branches_covered": 100.0,
                        "percent_branches_covered_display": "100.00"
                    },
                    "missing_lines": [],
                    "excluded_lines": [],
                    "executed_branches": [],
                    "missing_branches": []
                }
            }
        },
        "app/auth/__init__.py": {
            "executed_lines": [
                1,
                3,
                5
            ],
            "summary": {
                "covered_lines": 2,
                "num_statements": 2,
                "percent_covered": 100.0,
                "percent_covered_display": "100.00",
                "missing_lines": 0,
                "excluded_lines": 0,
                "percent_statements_covered": 100.0,
                "percent_statements_covered_display": "100.00",
                "num_branches": 0,
                "num_partial_branches": 0,
                "covered_branches": 0,
                "missing_branches": 0,
                "percent_branches_covered": 100.0,
                "percent_branches_covered_display": "100.00"
            },
            "missing_lines": [],
            "excluded_lines": [],
            "executed_branches": [],
            "missing_branches": [],
            "functions": {
                "": {
                    "executed_lines": [
                        1,
                        3,
                        5
                    ],
                    "summary": {
                        "covered_lines": 2,
                        "num_statements": 2,
                        "percent_covered": 100.0,
                        "percent_covered_display": "100.00",
                        "missing_lines": 0,
                        "excluded_lines": 0,
                        "percent_statements_covered": 100.0,
                        "percent_statements_covered_display": "100.00",
                        "num_branches": 0,
                        "num_partial_branches": 0,
                        "covered_branches": 0,
                        "missing_branches": 0,
                        "percent_branches_covered": 100.0,
                        "percent_branches_covered_display": "100.00"
                    },
                    "missing_lines": [],
                    "excluded_lines": [],
                    "executed_branches": [],
                    "missing_branches": []
                }
            },
            "classes": {
                "": {
                    "executed_lines": [
                        1,
                        3,
                        5
                    ],
                    "summary": {
                        "covered_lines": 2,
                        "num_statements": 2,
                        "percent_covered": 100.0,
                        "percent_covered_display": "100.00",
                        "missing_lines": 0,
                        "excluded_lines": 0,
                        "percent_statements_covered": 100.0,
                        "percent_statements_covered_display": "100.00",
                        "num_branches": 0,
                        "num_partial_branches": 0,
                        "covered_branches": 0,
                        "missing_branches": 0,
                        "percent_branches_covered": 100.0,
                        "percent_branches_covered_display": "100.00"
                    },
                    "missing_lines": [],
                    "excluded_lines": [],
                    "executed_branches": [],
                    "missing_branches": []
                }
            }
        },
        "app/auth/config.py": {
            "executed_lines": [
                1,
                8,
                9,
                10,
                13,
                14,
                19,
                22,
                26,
                30,
                32,
                33,
                34,
                35,
                39
            ],
            "summary": {
                "covered_lines": 13,
                "num_statements": 13,
                "percent_covered": 100.0,
                "percent_covered_display": "100.00",
                "missing_lines": 0,
                "excluded_lines": 0,
                "percent_statements_covered": 100.0,
                "percent_statements_covered_display": "100.00",
                "num_branches": 0,
                "num_partial_branches": 0,
                "covered_branches": 0,
                "missing_branches": 0,
                "percent_branches_covered": 100.0,
                "percent_branches_covered_display": "100.00"
            },
            "missing_lines": [],
            "excluded_lines": [],
            "executed_branches": [],
            "missing_branches": [],
            "functions": {
                "": {
                    "executed_lines": [
                        1,
                        8,
                        9,
                        10,
                        13,
                        14,
                        19,
                        22,
                        26,
                        30,
                        32,
                        33,
                        34,
                        35,
                        39
                    ],
                    "summary": {
                        "covered_lines": 13,
                        "num_statements": 13,
                        "percent_covered": 100.0,
                        "percent_covered_display": "100.00",
                        "missing_lines": 0,
                        "excluded_lines": 0,
                        "percent_statements_covered": 100.0,
                        "percent_statements_covered_display": "100.00",
                        "num_branches": 0,
                        "num_partial_branches": 0,
                        "covered_branches": 0,
                        "missing_branches": 0,
                        "percent_branches_covered": 100.0,
                        "percent_branches_covered_display": "100.00"
                    },
                    "missing_lines": [],
                    "excluded_lines": [],
                    "executed_branches": [],
                    "missing_branches": []
                }
            },
            "classes": {
                "AuthConfig": {
                    "executed_lines": [],
                    "summary": {
                        "covered_lines": 0,
                        "num_statements": 0,
                        "percent_covered": 100.0,
                        "percent_covered_display": "100.00",
                        "missing_lines": 0,
                        "excluded_lines": 0,
                        "percent_statements_covered": 100.0,
                        "percent_statements_covered_display": "100.00",
                        "num_branches": 0,
                        "num_partial_branches": 0,
                        "covered_branches": 0,
                        "missing_branches": 0,
                        "percent_branches_covered": 100.0,
                        "percent_branches_covered_display": "100.00"
                    },
                    "missing_lines": [],
                    "excluded_lines": [],
                    "executed_branches": [],
                    "missing_branches": []
                },
                "AuthConfig.Config": {
                    "executed_lines": [],
                    "summary": {
                        "covered_lines": 0,
                        "num_statements": 0,
                        "percent_covered": 100.0,
                        "percent_covered_display": "100.00",
                        "missing_lines": 0,
                        "excluded_lines": 0,
                        "percent_statements_covered": 100.0,
                        "percent_statements_covered_display": "100.00",
                        "num_branches": 0,
                        "num_partial_branches": 0,
                        "covered_branches": 0,
                        "missing_branches": 0,
                        "percent_branches_covered": 100.0,
                        "percent_branches_covered_display": "100.00"
                    },
                    "missing_lines": [],
                    "excluded_lines": [],
                    "executed_branches": [],
                    "missing_branches": []
                },
                "": {
                    "executed_lines": [
                        1,
                        8,
                        9,
                        10,
                        13,
                        14,
                        19,
                        22,
                        26,
                        30,
                        32,
                        33,
                        34,
                        35,
                        39
                    ],
                    "summary": {
                        "covered_lines": 13,
                        "num_statements": 13,
                        "percent_covered": 100.0,
                        "percent_covered_display": "100.00",
                        "missing_lines": 0,
                        "excluded_lines": 0,
                        "percent_statements_covered": 100.0,
                        "percent_statements_covered_display": "100.00",
                        "num_branches": 0,
                        "num_partial_branches": 0,
                        "covered_branches": 0,
                        "missing_branches": 0,
                        "percent_branches_covered": 100.0,
                        "percent_branches_covered_display": "100.00"
                    },
                    "missing_lines": [],
                    "excluded_lines": [],
                    "executed_branches": [],
                    "missing_branches": []
                }
            }
        },
        "app/auth/dependencies.py": {
            "executed_lines": [
                1,
                4,
                5,
                6,
                7,
                8,
                9,
                10,
                11,
                14,
                32,
                35,
                75
            ],
            "summary": {
                "covered_lines": 12,
                "num_statements": 29,
                "percent_covered": 34.285714285714285,
                "percent_covered_display": "34.29",
                "missing_lines": 17,
                "excluded_lines": 1,
                "percent_statements_covered": 41.37931034482759,
                "percent_statements_covered_display": "41.38",
                "num_branches": 6,
                "num_partial_branches": 0,
                "covered_branches": 0,
                "missing_branches": 6,
                "percent_branches_covered": 0.0,
                "percent_branches_covered_display": "0.00"
            },
            "missing_lines": [
                24,
                25,
                26,
                28,
                54,
                55,
                58,
                60,
                61,
                66,
                67,
                72,
                91,
                92,
                93,
                97,
                99
            ],
            "excluded_lines": [
                76
            ],
            "executed_branches": [],
            "missing_branches": [
                [
                    60,
                    61
                ],
                [
                    60,
                    66
                ],
                [
                    66,
                    67
                ],
                [
                    66,
                    72
                ],
                [
                    92,
                    93
                ],
                [
                    92,
                    97
                ]
            ],
            "functions": {
                "get_db": {
                    "executed_lines": [],
                    "summary": {
                        "covered_lines": 0,
                        "num_statements": 4,
                        "percent_covered": 0.0,
                        "percent_covered_display": "0.00",
                        "missing_lines": 4,
                        "excluded_lines": 0,
                        "percent_statements_covered": 0.0,
                        "percent_statements_covered_display": "0.00",
                        "num_branches": 0,
                        "num_partial_branches": 0,
                        "covered_branches": 0,
                        "missing_branches": 0,
                        "percent_branches_covered": 100.0,
                        "percent_branches_covered_display": "100.00"
                    },
                    "missing_lines": [
                        24,
                        25,
                        26,
                        28
                    ],
                    "excluded_lines": [],
                    "executed_branches": [],
                    "missing_branches": []
                },
                "get_current_user": {
                    "executed_lines": [],
                    "summary": {
                        "covered_lines": 0,
                        "num_statements": 8,
                        "percent_covered": 0.0,
                        "percent_covered_display": "0.00",
                        "missing_lines": 8,
                        "excluded_lines": 0,
                        "percent_statements_covered": 0.0,
                        "percent_statements_covered_display": "0.00",
                        "num_branches": 4,
                        "num_partial_branches": 0,
                        "covered_branches": 0,
                        "missing_branches": 4,
                        "percent_branches_covered": 0.0,
                        "percent_branches_covered_display": "0.00"
                    },
                    "missing_lines": [
                        54,
                        55,
                        58,
                        60,
                        61,
                        66,
                        67,
                        72
                    ],
                    "excluded_lines": [],
                    "executed_branches": [],
                    "missing_branches": [
                        [
                            60,
                            61
                        ],
                        [
                            60,
                            66
                        ],
                        [
                            66,
                            67
                        ],
                        [
                            66,
                            72
                        ]
                    ]
                },
                "require_role": {
                    "executed_lines": [],
                    "summary": {
                        "covered_lines": 0,
                        "num_statements": 2,
                        "percent_covered": 0.0,
                        "percent_covered_display": "0.00",
                        "missing_lines": 2,
                        "excluded_lines": 1,
                        "percent_statements_covered": 0.0,
                        "percent_statements_covered_display": "0.00",
                        "num_branches": 0,
                        "num_partial_branches": 0,
                        "covered_branches": 0,
                        "missing_branches": 0,
                        "percent_branches_covered": 100.0,
                        "percent_branches_covered_display": "100.00"
                    },
                    "missing_lines": [
                        91,
                        99
                    ],
                    "excluded_lines": [
                        76
                    ],
                    "executed_branches": [],
                    "missing_branches": []
                },
                "require_role.role_checker": {
                    "executed_lines": [],
                    "summary": {
                        "covered_lines": 0,
                        "num_statements": 3,
                        "percent_covered": 0.0,
                        "percent_covered_display": "0.00",
                        "missing_lines": 3,
                        "excluded_lines": 0,
                        "percent_statements_covered": 0.0,
                        "percent_statements_covered_display": "0.00",
                        "num_branches": 2,
                        "num_partial_branches": 0,
                        "covered_branches": 0,
                        "missing_branches": 2,
                        "percent_branches_covered": 0.0,
                        "percent_branches_covered_display": "0.00"
                    },
                    "missing_lines": [
                        92,
                        93,
                        97
                    ],
                    "excluded_lines": [],
                    "executed_branches": [],
                    "missing_branches": [
                        [
                            92,
                            93
                        ],
                        [
                            92,
                            97
                        ]
                    ]
                },
                "": {
                    "executed_lines": [
                        1,
                        4,
                        5,
                        6,
                        7,
                        8,
                        9,
                        10,
                        11,
                        14,
                        32,
                        35,
                        75
                    ],
                    "summary": {
                        "covered_lines": 12,
                        "num_statements": 12,
                        "percent_covered": 100.0,
                        "percent_covered_display": "100.00",
                        "missing_lines": 0,
                        "excluded_lines": 0,
                        "percent_statements_covered": 100.0,
                        "percent_statements_covered_display": "100.00",
                        "num_branches": 0,
                        "num_partial_branches": 0,
                        "covered_branches": 0,
                        "missing_branches": 0,
                        "percent_branches_covered": 100.0,
                        "percent_branches_covered_display": "100.00"
                    },
                    "missing_lines": [],
                    "excluded_lines": [],
                    "executed_branches": [],
                    "missing_branches": []
                }
            },
            "classes": {
                "": {
                    "executed_lines": [
                        1,
                        4,
                        5,
                        6,
                        7,
                        8,
                        9,
                        10,
                        11,
                        14,
                        32,
                        35,
                        75
                    ],
                    "summary": {
                        "covered_lines": 12,
                        "num_statements": 29,
                        "percent_covered": 34.285714285714285,
                        "percent_covered_display": "34.29",
                        "missing_lines": 17,
                        "excluded_lines": 1,
                        "percent_statements_covered": 41.37931034482759,
                        "percent_statements_covered_display": "41.38",
                        "num_branches": 6,
                        "num_partial_branches": 0,
                        "covered_branches": 0,
                        "missing_branches": 6,
                        "percent_branches_covered": 0.0,
                        "percent_branches_covered_display": "0.00"
                    },
                    "missing_lines": [
                        24,
                        25,
                        26,
                        28,
                        54,
                        55,
                        58,
                        60,
                        61,
                        66,
                        67,
                        72,
                        91,
                        92,
                        93,
                        97,
                        99
                    ],
                    "excluded_lines": [
                        76
                    ],
                    "executed_branches": [],
                    "missing_branches": [
                        [
                            60,
                            61
                        ],
                        [
                            60,
                            66
                        ],
                        [
                            66,
                            67
                        ],
                        [
                            66,
                            72
                        ],
                        [
                            92,
                            93
                        ],
                        [
                            92,
                            97
                        ]
                    ]
                }
            }
        },
        "app/auth/models.py": {
            "executed_lines": [
                1,
                4,
                5,
                7,
                8,
                9,
                11,
                14,
                15,
                18,
                21,
                22,
                23,
                26,
                29,
                32,
                35,
                38,
                41,
                44
            ],
            "summary": {
                "covered_lines": 18,
                "num_statements": 18,
                "percent_covered": 100.0,
                "percent_covered_display": "100.00",
                "missing_lines": 0,
                "excluded_lines": 0,
                "percent_statements_covered": 100.0,
                "percent_statements_covered_display": "100.00",
                "num_branches": 0,
                "num_partial_branches": 0,
                "covered_branches": 0,
                "missing_branches": 0,
                "percent_branches_covered": 100.0,
                "percent_branches_covered_display": "100.00"
            },
            "missing_lines": [],
            "excluded_lines": [],
            "executed_branches": [],
            "missing_branches": [],
            "functions": {
                "": {
                    "executed_lines": [
                        1,
                        4,
                        5,
                        7,
                        8,
                        9,
                        11,
                        14,
                        15,
                        18,
                        21,
                        22,
                        23,
                        26,
                        29,
                        32,
                        35,
                        38,
                        41,
                        44
                    ],
                    "summary": {
                        "covered_lines": 18,
                        "num_statements": 18,
                        "percent_covered": 100.0,
                        "percent_covered_display": "100.00",
                        "missing_lines": 0,
                        "excluded_lines": 0,
                        "percent_statements_covered": 100.0,
                        "percent_statements_covered_display": "100.00",
                        "num_branches": 0,
                        "num_partial_branches": 0,
                        "covered_branches": 0,
                        "missing_branches": 0,
                        "percent_branches_covered": 100.0,
                        "percent_branches_covered_display": "100.00"
                    },
                    "missing_lines": [],
                    "excluded_lines": [],
                    "executed_branches": [],
                    "missing_branches": []
                }
            },
            "classes": {
                "AuthSession": {
                    "executed_lines": [],
                    "summary": {
                        "covered_lines": 0,
                        "num_statements": 0,
                        "percent_covered": 100.0,
                        "percent_covered_display": "100.00",
                        "missing_lines": 0,
                        "excluded_lines": 0,
                        "percent_statements_covered": 100.0,
                        "percent_statements_covered_display": "100.00",
                        "num_branches": 0,
                        "num_partial_branches": 0,
                        "covered_branches": 0,
                        "missing_branches": 0,
                        "percent_branches_covered": 100.0,
                        "percent_branches_covered_display": "100.00"
                    },
                    "missing_lines": [],
                    "excluded_lines": [],
                    "executed_branches": [],
                    "missing_branches": []
                },
                "": {
                    "executed_lines": [
                        1,
                        4,
                        5,
                        7,
                        8,
                        9,
                        11,
                        14,
                        15,
                        18,
                        21,
                        22,
                        23,
                        26,
                        29,
                        32,
                        35,
                        38,
                        41,
                        44
                    ],
                    "summary": {
                        "covered_lines": 18,
                        "num_statements": 18,
                        "percent_covered": 100.0,
                        "percent_covered_display": "100.00",
                        "missing_lines": 0,
                        "excluded_lines": 0,
                        "percent_statements_covered": 100.0,
                        "percent_statements_covered_display": "100.00",
                        "num_branches": 0,
                        "num_partial_branches": 0,
                        "covered_branches": 0,
                        "missing_branches": 0,
                        "percent_branches_covered": 100.0,
                        "percent_branches_covered_display": "100.00"
                    },
                    "missing_lines": [],
                    "excluded_lines": [],
                    "executed_branches": [],
                    "missing_branches": []
                }
            }
        },
        "app/auth/router.py": {
            "executed_lines": [
                1,
                4,
                5,
                6,
                7,
                9,
                10,
                11,
                12,
                13,
                20,
                21,
                24,
                27,
                28,
                29,
                90,
                91,
                92,
                158,
                159,
                160,
                239,
                240,
                269,
                270
            ],
            "summary": {
                "covered_lines": 24,
                "num_statements": 74,
                "percent_covered": 27.906976744186046,
                "percent_covered_display": "27.91",
                "missing_lines": 50,
                "excluded_lines": 9,
                "percent_statements_covered": 32.432432432432435,
                "percent_statements_covered_display": "32.43",
                "num_branches": 12,
                "num_partial_branches": 0,
                "covered_branches": 0,
                "missing_branches": 12,
                "percent_branches_covered": 0.0,
                "percent_branches_covered_display": "0.00"
            },
            "missing_lines": [
                48,
                50,
                64,
                65,
                71,
                72,
                75,
                80,
                81,
                83,
                111,
                112,
                113,
                127,
                128,
                129,
                130,
                131,
                132,
                133,
                139,
                140,
                143,
                148,
                149,
                151,
                182,
                186,
                187,
                193,
                194,
                200,
                201,
                207,
                209,
                210,
                216,
                217,
                220,
                221,
                224,
                229,
                230,
                232,
                257,
                262,
                263,
                264,
                266,
                280
            ],
            "excluded_lines": [
                13,
                30,
                51,
                56,
                57,
                58,
                93,
                119,
                271
            ],
            "executed_branches": [],
            "missing_branches": [
                [
                    64,
                    65
                ],
                [
                    64,
                    71
                ],
                [
                    186,
                    187
                ],
                [
                    186,
                    193
                ],
                [
                    193,
                    194
                ],
                [
                    193,
                    200
                ],
                [
                    200,
                    201
                ],
                [
                    200,
                    207
                ],
                [
                    209,
                    210
                ],
                [
                    209,
                    216
                ],
                [
                    262,
                    263
                ],
                [
                    262,
                    266
                ]
            ],
            "functions": {
                "login": {
                    "executed_lines": [],
                    "summary": {
                        "covered_lines": 0,
                        "num_statements": 10,
                        "percent_covered": 0.0,
                        "percent_covered_display": "0.00",
                        "missing_lines": 10,
                        "excluded_lines": 5,
                        "percent_statements_covered": 0.0,
                        "percent_statements_covered_display": "0.00",
                        "num_branches": 2,
                        "num_partial_branches": 0,
                        "covered_branches": 0,
                        "missing_branches": 2,
                        "percent_branches_covered": 0.0,
                        "percent_branches_covered_display": "0.00"
                    },
                    "missing_lines": [
                        48,
                        50,
                        64,
                        65,
                        71,
                        72,
                        75,
                        80,
                        81,
                        83
                    ],
                    "excluded_lines": [
                        30,
                        51,
                        56,
                        57,
                        58
                    ],
                    "executed_branches": [],
                    "missing_branches": [
                        [
                            64,
                            65
                        ],
                        [
                            64,
                            71
                        ]
                    ]
                },
                "signup": {
                    "executed_lines": [],
                    "summary": {
                        "covered_lines": 0,
                        "num_statements": 16,
                        "percent_covered": 0.0,
                        "percent_covered_display": "0.00",
                        "missing_lines": 16,
                        "excluded_lines": 2,
                        "percent_statements_covered": 0.0,
                        "percent_statements_covered_display": "0.00",
                        "num_branches": 0,
                        "num_partial_branches": 0,
                        "covered_branches": 0,
                        "missing_branches": 0,
                        "percent_branches_covered": 100.0,
                        "percent_branches_covered_display": "100.00"
                    },
                    "missing_lines": [
                        111,
                        112,
                        113,
                        127,
                        128,
                        129,
                        130,
                        131,
                        132,
                        133,
                        139,
                        140,
                        143,
                        148,
                        149,
                        151
                    ],
                    "excluded_lines": [
                        93,
                        119
                    ],
                    "executed_branches": [],
                    "missing_branches": []
                },
                "refresh_token": {
                    "executed_lines": [],
                    "summary": {
                        "covered_lines": 0,
                        "num_statements": 18,
                        "percent_covered": 0.0,
                        "percent_covered_display": "0.00",
                        "missing_lines": 18,
                        "excluded_lines": 0,
                        "percent_statements_covered": 0.0,
                        "percent_statements_covered_display": "0.00",
                        "num_branches": 8,
                        "num_partial_branches": 0,
                        "covered_branches": 0,
                        "missing_branches": 8,
                        "percent_branches_covered": 0.0,
                        "percent_branches_covered_display": "0.00"
                    },
                    "missing_lines": [
                        182,
                        186,
                        187,
                        193,
                        194,
                        200,
                        201,
                        207,
                        209,
                        210,
                        216,
                        217,
                        220,
                        221,
                        224,
                        229,
                        230,
                        232
                    ],
                    "excluded_lines": [],
                    "executed_branches": [],
                    "missing_branches": [
                        [
                            186,
                            187
                        ],
                        [
                            186,
                            193
                        ],
                        [
                            193,
                            194
                        ],
                        [
                            193,
                            200
                        ],
                        [
                            200,
                            201
                        ],
                        [
                            200,
                            207
                        ],
                        [
                            209,
                            210
                        ],
                        [
                            209,
                            216
                        ]
                    ]
                },
                "logout": {
                    "executed_lines": [],
                    "summary": {
                        "covered_lines": 0,
                        "num_statements": 5,
                        "percent_covered": 0.0,
                        "percent_covered_display": "0.00",
                        "missing_lines": 5,
                        "excluded_lines": 0,
                        "percent_statements_covered": 0.0,
                        "percent_statements_covered_display": "0.00",
                        "num_branches": 2,
                        "num_partial_branches": 0,
                        "covered_branches": 0,
                        "missing_branches": 2,
                        "percent_branches_covered": 0.0,
                        "percent_branches_covered_display": "0.00"
                    },
                    "missing_lines": [
                        257,
                        262,
                        263,
                        264,
                        266
                    ],
                    "excluded_lines": [],
                    "executed_branches": [],
                    "missing_branches": [
                        [
                            262,
                            263
                        ],
                        [
                            262,
                            266
                        ]
                    ]
                },
                "get_me": {
                    "executed_lines": [],
                    "summary": {
                        "covered_lines": 0,
                        "num_statements": 1,
                        "percent_covered": 0.0,
                        "percent_covered_display": "0.00",
                        "missing_lines": 1,
                        "excluded_lines": 1,
                        "percent_statements_covered": 0.0,
                        "percent_statements_covered_display": "0.00",
                        "num_branches": 0,
                        "num_partial_branches": 0,
                        "covered_branches": 0,
                        "missing_branches": 0,
                        "percent_branches_covered": 100.0,
                        "percent_branches_covered_display": "100.00"
                    },
                    "missing_lines": [
                        280
                    ],
                    "excluded_lines": [
                        271
                    ],
                    "executed_branches": [],
                    "missing_branches": []
                },
                "": {
                    "executed_lines": [
                        1,
                        4,
                        5,
                        6,
                        7,
                        9,
                        10,
                        11,
                        12,
                        13,
                        20,
                        21,
                        24,
                        27,
                        28,
                        29,
                        90,
                        91,
                        92,
                        158,
                        159,
                        160,
                        239,
                        240,
                        269,
                        270
                    ],
                    "summary": {
                        "covered_lines": 24,
                        "num_statements": 24,
                        "percent_covered": 100.0,
                        "percent_covered_display": "100.00",
                        "missing_lines": 0,
                        "excluded_lines": 1,
                        "percent_statements_covered": 100.0,
                        "percent_statements_covered_display": "100.00",
                        "num_branches": 0,
                        "num_partial_branches": 0,
                        "covered_branches": 0,
                        "missing_branches": 0,
                        "percent_branches_covered": 100.0,
                        "percent_branches_covered_display": "100.00"
                    },
                    "missing_lines": [],
                    "excluded_lines": [
                        13
                    ],
                    "executed_branches": [],
                    "missing_branches": []
                }
            },
            "classes": {
                "": {
                    "executed_lines": [
                        1,
                        4,
                        5,
                        6,
                        7,
                        9,
                        10,
                        11,
                        12,
                        13,
                        20,
                        21,
                        24,
                        27,
                        28,
                        29,
                        90,
                        91,
                        92,
                        158,
                        159,
                        160,
                        239,
                        240,
                        269,
                        270
                    ],
                    "summary": {
                        "covered_lines": 24,
                        "num_statements": 74,
                        "percent_covered": 27.906976744186046,
                        "percent_covered_display": "27.91",
                        "missing_lines": 50,
                        "excluded_lines": 9,
                        "percent_statements_covered": 32.432432432432435,
                        "percent_statements_covered_display": "32.43",
                        "num_branches": 12,
                        "num_partial_branches": 0,
                        "covered_branches": 0,
                        "missing_branches": 12,
                        "percent_branches_covered": 0.0,
                        "percent_branches_covered_display": "0.00"
                    },
                    "missing_lines": [
                        48,
                        50,
                        64,
                        65,
                        71,
                        72,
                        75,
                        80,
                        81,
                        83,
                        111,
                        112,
                        113,
                        127,
                        128,
                        129,
                        130,
                        131,
                        132,
                        133,
                        139,
                        140,
                        143,
                        148,
                        149,
                        151,
                        182,
                        186,
                        187,
                        193,
                        194,
                        200,
                        201,
                        207,
                        209,
                        210,
                        216,
                        217,
                        220,
                        221,
                        224,
                        229,
                        230,
                        232,
                        257,
                        262,
                        263,
                        264,
                        266,
                        280
                    ],
                    "excluded_lines": [
                        13,
                        30,
                        51,
                        56,
                        57,
                        58,
                        93,
                        119,
                        271
                    ],
                    "executed_branches": [],
                    "missing_branches": [
                        [
                            64,
                            65
                        ],
                        [
                            64,
                            71
                        ],
                        [
                            186,
                            187
                        ],
                        [
                            186,
                            193
                        ],
                        [
                            193,
                            194
                        ],
                        [
                            193,
                            200
                        ],
                        [
                            200,
                            201
                        ],
                        [
                            200,
                            207
                        ],
                        [
                            209,
                            210
                        ],
                        [
                            209,
                            216
                        ],
                        [
                            262,
                            263
                        ],
                        [
                            262,
                            266
                        ]
                    ]
                }
            }
        },
        "app/auth/schemas.py": {
            "executed_lines": [
                1,
                4,
                5,
                6,
                7,
                8,
                9,
                12,
                13,
                15,
                20,
                23,
                24,
                25,
                34,
                35,
                40,
                41,
                49,
                50,
                53,
                54,
                57,
                61,
                62
            ],
            "summary": {
                "covered_lines": 13,
                "num_statements": 13,
                "percent_covered": 100.0,
                "percent_covered_display": "100.00",
                "missing_lines": 0,
                "excluded_lines": 14,
                "percent_statements_covered": 100.0,
                "percent_statements_covered_display": "100.00",
                "num_branches": 0,
                "num_partial_branches": 0,
                "covered_branches": 0,
                "missing_branches": 0,
                "percent_branches_covered": 100.0,
                "percent_branches_covered_display": "100.00"
            },
            "missing_lines": [],
            "excluded_lines": [
                9,
                15,
                20,
                23,
                24,
                25,
                26,
                27,
                28,
                29,
                30,
                31,
                37,
                41
            ],
            "executed_branches": [],
            "missing_branches": [],
            "functions": {
                "UserCreate.validate_password": {
                    "executed_lines": [],
                    "summary": {
                        "covered_lines": 0,
                        "num_statements": 0,
                        "percent_covered": 100.0,
                        "percent_covered_display": "100.00",
                        "missing_lines": 0,
                        "excluded_lines": 6,
                        "percent_statements_covered": 100.0,
                        "percent_statements_covered_display": "100.00",
                        "num_branches": 0,
                        "num_partial_branches": 0,
                        "covered_branches": 0,
                        "missing_branches": 0,
                        "percent_branches_covered": 100.0,
                        "percent_branches_covered_display": "100.00"
                    },
                    "missing_lines": [],
                    "excluded_lines": [
                        26,
                        27,
                        28,
                        29,
                        30,
                        31
                    ],
                    "executed_branches": [],
                    "missing_branches": []
                },
                "": {
                    "executed_lines": [
                        1,
                        4,
                        5,
                        6,
                        7,
                        8,
                        9,
                        12,
                        13,
                        15,
                        20,
                        23,
                        24,
                        25,
                        34,
                        35,
                        40,
                        41,
                        49,
                        50,
                        53,
                        54,
                        57,
                        61,
                        62
                    ],
                    "summary": {
                        "covered_lines": 13,
                        "num_statements": 13,
                        "percent_covered": 100.0,
                        "percent_covered_display": "100.00",
                        "missing_lines": 0,
                        "excluded_lines": 8,
                        "percent_statements_covered": 100.0,
                        "percent_statements_covered_display": "100.00",
                        "num_branches": 0,
                        "num_partial_branches": 0,
                        "covered_branches": 0,
                        "missing_branches": 0,
                        "percent_branches_covered": 100.0,
                        "percent_branches_covered_display": "100.00"
                    },
                    "missing_lines": [],
                    "excluded_lines": [
                        9,
                        15,
                        20,
                        23,
                        24,
                        25,
                        37,
                        41
                    ],
                    "executed_branches": [],
                    "missing_branches": []
                }
            },
            "classes": {
                "UserCreate": {
                    "executed_lines": [],
                    "summary": {
                        "covered_lines": 0,
                        "num_statements": 0,
                        "percent_covered": 100.0,
                        "percent_covered_display": "100.00",
                        "missing_lines": 0,
                        "excluded_lines": 6,
                        "percent_statements_covered": 100.0,
                        "percent_statements_covered_display": "100.00",
                        "num_branches": 0,
                        "num_partial_branches": 0,
                        "covered_branches": 0,
                        "missing_branches": 0,
                        "percent_branches_covered": 100.0,
                        "percent_branches_covered_display": "100.00"
                    },
                    "missing_lines": [],
                    "excluded_lines": [
                        26,
                        27,
                        28,
                        29,
                        30,
                        31
                    ],
                    "executed_branches": [],
                    "missing_branches": []
                },
                "UserLogin": {
                    "executed_lines": [],
                    "summary": {
                        "covered_lines": 0,
                        "num_statements": 0,
                        "percent_covered": 100.0,
                        "percent_covered_display": "100.00",
                        "missing_lines": 0,
                        "excluded_lines": 0,
                        "percent_statements_covered": 100.0,
                        "percent_statements_covered_display": "100.00",
                        "num_branches": 0,
                        "num_partial_branches": 0,
                        "covered_branches": 0,
                        "missing_branches": 0,
                        "percent_branches_covered": 100.0,
                        "percent_branches_covered_display": "100.00"
                    },
                    "missing_lines": [],
                    "excluded_lines": [],
                    "executed_branches": [],
                    "missing_branches": []
                },
                "UserResponse": {
                    "executed_lines": [],
                    "summary": {
                        "covered_lines": 0,
                        "num_statements": 0,
                        "percent_covered": 100.0,
                        "percent_covered_display": "100.00",
                        "missing_lines": 0,
                        "excluded_lines": 0,
                        "percent_statements_covered": 100.0,
                        "percent_statements_covered_display": "100.00",
                        "num_branches": 0,
                        "num_partial_branches": 0,
                        "covered_branches": 0,
                        "missing_branches": 0,
                        "percent_branches_covered": 100.0,
                        "percent_branches_covered_display": "100.00"
                    },
                    "missing_lines": [],
                    "excluded_lines": [],
                    "executed_branches": [],
                    "missing_branches": []
                },
                "UserResponse.Config": {
                    "executed_lines": [],
                    "summary": {
                        "covered_lines": 0,
                        "num_statements": 0,
                        "percent_covered": 100.0,
                        "percent_covered_display": "100.00",
                        "missing_lines": 0,
                        "excluded_lines": 0,
                        "percent_statements_covered": 100.0,
                        "percent_statements_covered_display": "100.00",
                        "num_branches": 0,
                        "num_partial_branches": 0,
                        "covered_branches": 0,
                        "missing_branches": 0,
                        "percent_branches_covered": 100.0,
                        "percent_branches_covered_display": "100.00"
                    },
                    "missing_lines": [],
                    "excluded_lines": [],
                    "executed_branches": [],
                    "missing_branches": []
                },
                "TokenResponse": {
                    "executed_lines": [],
                    "summary": {
                        "covered_lines": 0,
                        "num_statements": 0,
                        "percent_covered": 100.0,
                        "percent_covered_display": "100.00",
                        "missing_lines": 0,
                        "excluded_lines": 0,
                        "percent_statements_covered": 100.0,
                        "percent_statements_covered_display": "100.00",
                        "num_branches": 0,
                        "num_partial_branches": 0,
                        "covered_branches": 0,
                        "missing_branches": 0,
                        "percent_branches_covered": 100.0,
                        "percent_branches_covered_display": "100.00"
                    },
                    "missing_lines": [],
                    "excluded_lines": [],
                    "executed_branches": [],
                    "missing_branches": []
                },
                "TokenRefresh": {
                    "executed_lines": [],
                    "summary": {
                        "covered_lines": 0,
                        "num_statements": 0,
                        "percent_covered": 100.0,
                        "percent_covered_display": "100.00",
                        "missing_lines": 0,
                        "excluded_lines": 0,
                        "percent_statements_covered": 100.0,
                        "percent_statements_covered_display": "100.00",
                        "num_branches": 0,
                        "num_partial_branches": 0,
                        "covered_branches": 0,
                        "missing_branches": 0,
                        "percent_branches_covered": 100.0,
                        "percent_branches_covered_display": "100.00"
                    },
                    "missing_lines": [],
                    "excluded_lines": [],
                    "executed_branches": [],
                    "missing_branches": []
                },
                "": {
                    "executed_lines": [
                        1,
                        4,
                        5,
                        6,
                        7,
                        8,
                        9,
                        12,
                        13,
                        15,
                        20,
                        23,
                        24,
                        25,
                        34,
                        35,
                        40,
                        41,
                        49,
                        50,
                        53,
                        54,
                        57,
                        61,
                        62
                    ],
                    "summary": {
                        "covered_lines": 13,
                        "num_statements": 13,
                        "percent_covered": 100.0,
                        "percent_covered_display": "100.00",
                        "missing_lines": 0,
                        "excluded_lines": 8,
                        "percent_statements_covered": 100.0,
                        "percent_statements_covered_display": "100.00",
                        "num_branches": 0,
                        "num_partial_branches": 0,
                        "covered_branches": 0,
                        "missing_branches": 0,
                        "percent_branches_covered": 100.0,
                        "percent_branches_covered_display": "100.00"
                    },
                    "missing_lines": [],
                    "excluded_lines": [
                        9,
                        15,
                        20,
                        23,
                        24,
                        25,
                        37,
                        41
                    ],
                    "executed_branches": [],
                    "missing_branches": []
                }
            }
        },
        "app/auth/utils.py": {
            "executed_lines": [
                1,
                8,
                9,
                10,
                11,
                12,
                13,
                14,
                15,
                16,
                17,
                20,
                23,
                24,
                29,
                72,
                105,
                156,
                166,
                169,
                183,
                196
            ],
            "summary": {
                "covered_lines": 16,
                "num_statements": 34,
                "percent_covered": 42.10526315789474,
                "percent_covered_display": "42.11",
                "missing_lines": 18,
                "excluded_lines": 66,
                "percent_statements_covered": 47.05882352941177,
                "percent_statements_covered_display": "47.06",
                "num_branches": 4,
                "num_partial_branches": 0,
                "covered_branches": 0,
                "missing_branches": 4,
                "percent_branches_covered": 0.0,
                "percent_branches_covered_display": "0.00"
            },
            "missing_lines": [
                84,
                85,
                88,
                96,
                102,
                118,
                120,
                127,
                128,
                134,
                135,
                137,
                138,
                143,
                148,
                149,
                193,
                210
            ],
            "excluded_lines": [
                1,
                16,
                29,
                30,
                31,
                32,
                33,
                34,
                35,
                36,
                37,
                38,
                39,
                40,
                41,
                42,
                43,
                44,
                45,
                46,
                47,
                48,
                49,
                50,
                51,
                52,
                53,
                54,
                55,
                56,
                57,
                58,
                59,
                60,
                61,
                62,
                63,
                64,
                65,
                66,
                67,
                68,
                69,
                156,
                157,
                158,
                159,
                160,
                161,
                162,
                163,
                164,
                165,
                166,
                169,
                170,
                171,
                172,
                173,
                174,
                175,
                176,
                177,
                178,
                179,
                180
            ],
            "executed_branches": [],
            "missing_branches": [
                [
                    127,
                    128
                ],
                [
                    127,
                    134
                ],
                [
                    137,
                    138
                ],
                [
                    137,
                    143
                ]
            ],
            "functions": {
                "validate_password_strength": {
                    "executed_lines": [],
                    "summary": {
                        "covered_lines": 0,
                        "num_statements": 0,
                        "percent_covered": 100.0,
                        "percent_covered_display": "100.00",
                        "missing_lines": 0,
                        "excluded_lines": 40,
                        "percent_statements_covered": 100.0,
                        "percent_statements_covered_display": "100.00",
                        "num_branches": 0,
                        "num_partial_branches": 0,
                        "covered_branches": 0,
                        "missing_branches": 0,
                        "percent_branches_covered": 100.0,
                        "percent_branches_covered_display": "100.00"
                    },
                    "missing_lines": [],
                    "excluded_lines": [
                        30,
                        31,
                        32,
                        33,
                        34,
                        35,
                        36,
                        37,
                        38,
                        39,
                        40,
                        41,
                        42,
                        43,
                        44,
                        45,
                        46,
                        47,
                        48,
                        49,
                        50,
                        51,
                        52,
                        53,
                        54,
                        55,
                        56,
                        57,
                        58,
                        59,
                        60,
                        61,
                        62,
                        63,
                        64,
                        65,
                        66,
                        67,
                        68,
                        69
                    ],
                    "executed_branches": [],
                    "missing_branches": []
                },
                "create_access_token": {
                    "executed_lines": [],
                    "summary": {
                        "covered_lines": 0,
                        "num_statements": 5,
                        "percent_covered": 0.0,
                        "percent_covered_display": "0.00",
                        "missing_lines": 5,
                        "excluded_lines": 0,
                        "percent_statements_covered": 0.0,
                        "percent_statements_covered_display": "0.00",
                        "num_branches": 0,
                        "num_partial_branches": 0,
                        "covered_branches": 0,
                        "missing_branches": 0,
                        "percent_branches_covered": 100.0,
                        "percent_branches_covered_display": "100.00"
                    },
                    "missing_lines": [
                        84,
                        85,
                        88,
                        96,
                        102
                    ],
                    "excluded_lines": [],
                    "executed_branches": [],
                    "missing_branches": []
                },
                "decode_access_token": {
                    "executed_lines": [],
                    "summary": {
                        "covered_lines": 0,
                        "num_statements": 11,
                        "percent_covered": 0.0,
                        "percent_covered_display": "0.00",
                        "missing_lines": 11,
                        "excluded_lines": 0,
                        "percent_statements_covered": 0.0,
                        "percent_statements_covered_display": "0.00",
                        "num_branches": 4,
                        "num_partial_branches": 0,
                        "covered_branches": 0,
                        "missing_branches": 4,
                        "percent_branches_covered": 0.0,
                        "percent_branches_covered_display": "0.00"
                    },
                    "missing_lines": [
                        118,
                        120,
                        127,
                        128,
                        134,
                        135,
                        137,
                        138,
                        143,
                        148,
                        149
                    ],
                    "excluded_lines": [],
                    "executed_branches": [],
                    "missing_branches": [
                        [
                            127,
                            128
                        ],
                        [
                            127,
                            134
                        ],
                        [
                            137,
                            138
                        ],
                        [
                            137,
                            143
                        ]
                    ]
                },
                "get_password_hash": {
                    "executed_lines": [
                        166
                    ],
                    "summary": {
                        "covered_lines": 0,
                        "num_statements": 0,
                        "percent_covered": 100.0,
                        "percent_covered_display": "100.00",
                        "missing_lines": 0,
                        "excluded_lines": 10,
                        "percent_statements_covered": 100.0,
                        "percent_statements_covered_display": "100.00",
                        "num_branches": 0,
                        "num_partial_branches": 0,
                        "covered_branches": 0,
                        "missing_branches": 0,
                        "percent_branches_covered": 100.0,
                        "percent_branches_covered_display": "100.00"
                    },
                    "missing_lines": [],
                    "excluded_lines": [
                        157,
                        158,
                        159,
                        160,
                        161,
                        162,
                        163,
                        164,
                        165,
                        166
                    ],
                    "executed_branches": [],
                    "missing_branches": []
                },
                "verify_password": {
                    "executed_lines": [],
                    "summary": {
                        "covered_lines": 0,
                        "num_statements": 0,
                        "percent_covered": 100.0,
                        "percent_covered_display": "100.00",
                        "missing_lines": 0,
                        "excluded_lines": 11,
                        "percent_statements_covered": 100.0,
                        "percent_statements_covered_display": "100.00",
                        "num_branches": 0,
                        "num_partial_branches": 0,
                        "covered_branches": 0,
                        "missing_branches": 0,
                        "percent_branches_covered": 100.0,
                        "percent_branches_covered_display": "100.00"
                    },
                    "missing_lines": [],
                    "excluded_lines": [
                        170,
                        171,
                        172,
                        173,
                        174,
                        175,
                        176,
                        177,
                        178,
                        179,
                        180
                    ],
                    "executed_branches": [],
                    "missing_branches": []
                },
                "create_refresh_token": {
                    "executed_lines": [],
                    "summary": {
                        "covered_lines": 0,
                        "num_statements": 1,
                        "percent_covered": 0.0,
                        "percent_covered_display": "0.00",
                        "missing_lines": 1,
                        "excluded_lines": 0,
                        "percent_statements_covered": 0.0,
                        "percent_statements_covered_display": "0.00",
                        "num_branches": 0,
                        "num_partial_branches": 0,
                        "covered_branches": 0,
                        "missing_branches": 0,
                        "percent_branches_covered": 100.0,
                        "percent_branches_covered_display": "100.00"
                    },
                    "missing_lines": [
                        193
                    ],
                    "excluded_lines": [],
                    "executed_branches": [],
                    "missing_branches": []
                },
                "hash_refresh_token": {
                    "executed_lines": [],
                    "summary": {
                        "covered_lines": 0,
                        "num_statements": 1,
                        "percent_covered": 0.0,
                        "percent_covered_display": "0.00",
                        "missing_lines": 1,
                        "excluded_lines": 0,
                        "percent_statements_covered": 0.0,
                        "percent_statements_covered_display": "0.00",
                        "num_branches": 0,
                        "num_partial_branches": 0,
                        "covered_branches": 0,
                        "missing_branches": 0,
                        "percent_branches_covered": 100.0,
                        "percent_branches_covered_display": "100.00"
                    },
                    "missing_lines": [
                        210
                    ],
                    "excluded_lines": [],
                    "executed_branches": [],
                    "missing_branches": []
                },
                "": {
                    "executed_lines": [
                        1,
                        8,
                        9,
                        10,
                        11,
                        12,
                        13,
                        14,
                        15,
                        16,
                        17,
                        20,
                        23,
                        24,
                        29,
                        72,
                        105,
                        156,
                        169,
                        183,
                        196
                    ],
                    "summary": {
                        "covered_lines": 16,
                        "num_statements": 16,
                        "percent_covered": 100.0,
                        "percent_covered_display": "100.00",
                        "missing_lines": 0,
                        "excluded_lines": 5,
                        "percent_statements_covered": 100.0,
                        "percent_statements_covered_display": "100.00",
                        "num_branches": 0,
                        "num_partial_branches": 0,
                        "covered_branches": 0,
                        "missing_branches": 0,
                        "percent_branches_covered": 100.0,
                        "percent_branches_covered_display": "100.00"
                    },
                    "missing_lines": [],
                    "excluded_lines": [
                        1,
                        16,
                        29,
                        156,
                        169
                    ],
                    "executed_branches": [],
                    "missing_branches": []
                }
            },
            "classes": {
                "": {
                    "executed_lines": [
                        1,
                        8,
                        9,
                        10,
                        11,
                        12,
                        13,
                        14,
                        15,
                        16,
                        17,
                        20,
                        23,
                        24,
                        29,
                        72,
                        105,
                        156,
                        166,
                        169,
                        183,
                        196
                    ],
                    "summary": {
                        "covered_lines": 16,
                        "num_statements": 34,
                        "percent_covered": 42.10526315789474,
[...]
                        "num_statements": 7,
                        "percent_covered": 45.45454545454545,
                        "percent_covered_display": "45.45",
                        "missing_lines": 3,
                        "excluded_lines": 0,
                        "percent_statements_covered": 57.142857142857146,
                        "percent_statements_covered_display": "57.14",
                        "num_branches": 4,
                        "num_partial_branches": 1,
                        "covered_branches": 1,
                        "missing_branches": 3,
                        "percent_branches_covered": 25.0,
                        "percent_branches_covered_display": "25.00"
                    },
                    "missing_lines": [
                        351,
                        352,
                        357
                    ],
                    "excluded_lines": [],
                    "executed_branches": [
                        [
                            345,
                            346
                        ]
                    ],
                    "missing_branches": [
                        [
                            345,
                            351
                        ],
                        [
                            351,
                            352
                        ],
                        [
                            351,
                            357
                        ]
                    ]
                },
                "validate_session_exists": {
                    "executed_lines": [],
                    "summary": {
                        "covered_lines": 0,
                        "num_statements": 5,
                        "percent_covered": 0.0,
                        "percent_covered_display": "0.00",
                        "missing_lines": 5,
                        "excluded_lines": 0,
                        "percent_statements_covered": 0.0,
                        "percent_statements_covered_display": "0.00",
                        "num_branches": 2,
                        "num_partial_branches": 0,
                        "covered_branches": 0,
                        "missing_branches": 2,
                        "percent_branches_covered": 0.0,
                        "percent_branches_covered_display": "0.00"
                    },
                    "missing_lines": [
                        377,
                        380,
                        382,
                        383,
                        388
                    ],
                    "excluded_lines": [],
                    "executed_branches": [],
                    "missing_branches": [
                        [
                            382,
                            383
                        ],
                        [
                            382,
                            388
                        ]
                    ]
                },
                "validate_required_string": {
                    "executed_lines": [
                        416,
                        422,
                        424,
                        430,
                        436
                    ],
                    "summary": {
                        "covered_lines": 5,
                        "num_statements": 8,
                        "percent_covered": 57.142857142857146,
                        "percent_covered_display": "57.14",
                        "missing_lines": 3,
                        "excluded_lines": 0,
                        "percent_statements_covered": 62.5,
                        "percent_statements_covered_display": "62.50",
                        "num_branches": 6,
                        "num_partial_branches": 3,
                        "covered_branches": 3,
                        "missing_branches": 3,
                        "percent_branches_covered": 50.0,
                        "percent_branches_covered_display": "50.00"
                    },
                    "missing_lines": [
                        417,
                        425,
                        431
                    ],
                    "excluded_lines": [],
                    "executed_branches": [
                        [
                            416,
                            422
                        ],
                        [
                            424,
                            430
                        ],
                        [
                            430,
                            436
                        ]
                    ],
                    "missing_branches": [
                        [
                            416,
                            417
                        ],
                        [
                            424,
                            425
                        ],
                        [
                            430,
                            431
                        ]
                    ]
                },
                "validate_positive_int": {
                    "executed_lines": [],
                    "summary": {
                        "covered_lines": 0,
                        "num_statements": 5,
                        "percent_covered": 0.0,
                        "percent_covered_display": "0.00",
                        "missing_lines": 5,
                        "excluded_lines": 0,
                        "percent_statements_covered": 0.0,
                        "percent_statements_covered_display": "0.00",
                        "num_branches": 4,
                        "num_partial_branches": 0,
                        "covered_branches": 0,
                        "missing_branches": 4,
                        "percent_branches_covered": 0.0,
                        "percent_branches_covered_display": "0.00"
                    },
                    "missing_lines": [
                        458,
                        459,
                        464,
                        465,
                        470
                    ],
                    "excluded_lines": [],
                    "executed_branches": [],
                    "missing_branches": [
                        [
                            458,
                            459
                        ],
                        [
                            458,
                            464
                        ],
                        [
                            464,
                            465
                        ],
                        [
                            464,
                            470
                        ]
                    ]
                },
                "": {
                    "executed_lines": [
                        1,
                        11,
                        12,
                        13,
                        14,
                        15,
                        16,
                        17,
                        18,
                        20,
                        28,
                        34,
                        41,
                        83,
                        146,
                        149,
                        156,
                        219,
                        240,
                        291,
                        322,
                        360,
                        395,
                        439
                    ],
                    "summary": {
                        "covered_lines": 23,
                        "num_statements": 23,
                        "percent_covered": 100.0,
                        "percent_covered_display": "100.00",
                        "missing_lines": 0,
                        "excluded_lines": 0,
                        "percent_statements_covered": 100.0,
                        "percent_statements_covered_display": "100.00",
                        "num_branches": 0,
                        "num_partial_branches": 0,
                        "covered_branches": 0,
                        "missing_branches": 0,
                        "percent_branches_covered": 100.0,
                        "percent_branches_covered_display": "100.00"
                    },
                    "missing_lines": [],
                    "excluded_lines": [],
                    "executed_branches": [],
                    "missing_branches": []
                }
            },
            "classes": {
                "": {
                    "executed_lines": [
                        1,
                        11,
                        12,
                        13,
                        14,
                        15,
                        16,
                        17,
                        18,
                        20,
                        28,
                        34,
                        41,
                        55,
                        58,
                        60,
                        64,
                        67,
                        74,
                        80,
                        83,
                        102,
                        105,
                        107,
                        111,
                        119,
                        120,
                        123,
                        126,
                        132,
                        138,
                        146,
                        149,
                        156,
                        219,
                        240,
                        291,
                        322,
                        340,
                        343,
                        345,
                        346,
                        360,
                        395,
                        416,
                        422,
                        424,
                        430,
                        436,
                        439
                    ],
                    "summary": {
                        "covered_lines": 49,
                        "num_statements": 110,
                        "percent_covered": 38.41463414634146,
                        "percent_covered_display": "38.41",
                        "missing_lines": 61,
                        "excluded_lines": 0,
                        "percent_statements_covered": 44.54545454545455,
                        "percent_statements_covered_display": "44.55",
                        "num_branches": 54,
                        "num_partial_branches": 14,
                        "covered_branches": 14,
                        "missing_branches": 40,
                        "percent_branches_covered": 25.925925925925927,
                        "percent_branches_covered_display": "25.93"
                    },
                    "missing_lines": [
                        56,
                        61,
                        68,
                        75,
                        103,
                        108,
                        112,
                        121,
                        127,
                        133,
                        177,
                        178,
                        180,
                        183,
                        186,
                        187,
                        193,
                        196,
                        197,
                        198,
                        204,
                        206,
                        207,
                        208,
                        209,
                        211,
                        256,
                        257,
                        258,
                        259,
                        260,
                        266,
                        268,
                        269,
                        272,
                        273,
                        276,
                        277,
                        278,
                        280,
                        308,
                        311,
                        313,
                        314,
                        319,
                        351,
                        352,
                        357,
                        377,
                        380,
                        382,
                        383,
                        388,
                        417,
                        425,
                        431,
                        458,
                        459,
                        464,
                        465,
                        470
                    ],
                    "excluded_lines": [],
                    "executed_branches": [
                        [
                            55,
                            58
                        ],
                        [
                            60,
                            64
                        ],
                        [
                            67,
                            74
                        ],
                        [
                            74,
                            80
                        ],
                        [
                            102,
                            105
                        ],
                        [
                            107,
                            111
                        ],
                        [
                            111,
                            119
                        ],
                        [
                            120,
                            123
                        ],
                        [
                            126,
                            132
                        ],
                        [
                            132,
                            138
                        ],
                        [
                            345,
                            346
                        ],
                        [
                            416,
                            422
                        ],
                        [
                            424,
                            430
                        ],
                        [
                            430,
                            436
                        ]
                    ],
                    "missing_branches": [
                        [
                            55,
                            56
                        ],
                        [
                            60,
                            61
                        ],
                        [
                            67,
                            68
                        ],
                        [
                            74,
                            75
                        ],
                        [
                            102,
                            103
                        ],
                        [
                            107,
                            108
                        ],
                        [
                            111,
                            112
                        ],
                        [
                            120,
                            121
                        ],
                        [
                            126,
                            127
                        ],
                        [
                            132,
                            133
                        ],
                        [
                            177,
                            178
                        ],
                        [
                            177,
                            180
                        ],
                        [
                            186,
                            187
                        ],
                        [
                            186,
                            193
                        ],
                        [
                            197,
                            198
                        ],
                        [
                            197,
                            204
                        ],
                        [
                            204,
                            206
                        ],
                        [
                            204,
                            211
                        ],
                        [
                            266,
                            268
                        ],
                        [
                            266,
                            276
                        ],
                        [
                            268,
                            269
                        ],
                        [
                            268,
                            272
                        ],
                        [
                            272,
                            266
                        ],
                        [
                            272,
                            273
                        ],
                        [
                            277,
                            278
                        ],
                        [
                            277,
                            280
                        ],
                        [
                            313,
                            314
                        ],
                        [
                            313,
                            319
                        ],
                        [
                            345,
                            351
                        ],
                        [
                            351,
                            352
                        ],
                        [
                            351,
                            357
                        ],
                        [
                            382,
                            383
                        ],
                        [
                            382,
                            388
                        ],
                        [
                            416,
                            417
                        ],
                        [
                            424,
                            425
                        ],
                        [
                            430,
                            431
                        ],
                        [
                            458,
                            459
                        ],
                        [
                            458,
                            464
                        ],
                        [
                            464,
                            465
                        ],
                        [
                            464,
                            470
                        ]
                    ]
                }
            }
        }
    },
    "totals": {
        "covered_lines": 607,
        "num_statements": 1319,
        "percent_covered": 41.07027724049001,
        "percent_covered_display": "41.07",
        "missing_lines": 712,
        "excluded_lines": 345,
        "percent_statements_covered": 46.019711902956786,
        "percent_statements_covered_display": "46.02",
        "num_branches": 232,
        "num_partial_branches": 28,
        "covered_branches": 30,
        "missing_branches": 202,
        "percent_branches_covered": 12.931034482758621,
        "percent_branches_covered_display": "12.93"
    }
}