{"meta": {"format": 3, "version": "7.13.0", "timestamp": "2025-12-18T06:06:06.528059", "branch_coverage": true, "show_contexts": false}, "files": {"app/__init__.py": {"executed_lines": [1], "summary": {"covered_lines": 0, "num_statements": 0, "percent_covered": 100.0, "percent_covered_display": "100", "missing_lines": 0, "excluded_lines": 0, "percent_statements_covered": 100.0, "percent_statements_covered_display": "100", "num_branches": 0, "num_partial_branches": 0, "covered_branches": 0, "missing_branches": 0, "percent_branches_covered": 100.0, "percent_branches_covered_display": "100"}, "missing_lines": [], "excluded_lines": [], "executed_branches": [], "missing_branches": [], "functions": {"": {"executed_lines": [1], "summary": {"covered_lines": 0, "num_statements": 0, "percent_covered": 100.0, "percent_covered_display": "100", "missing_lines": 0, "excluded_lines": 0, "percent_statements_covered": 100.0, "percent_statements_covered_display": "100", "num_branches": 0, "num_partial_branches": 0, "covered_branches": 0, "missing_branches": 0, "percent_branches_covered": 100.0, "percent_branches_covered_display": "100"}, "missing_lines": [], "excluded_lines": [], "executed_branches": [], "missing_branches": []}}, "classes": {"": {"executed_lines": [1], "summary": {"covered_lines": 0, "num_statements": 0, "percent_covered": 100.0, "percent_covered_display": "100", "missing_lines": 0, "excluded_lines": 0, "percent_statements_covered": 100.0, "percent_statements_covered_display": "100", "num_branches": 0, "num_partial_branches": 0, "covered_branches": 0, "missing_branches": 0, "percent_branches_covered": 100.0, "percent_branches_covered_display": "100"}, "missing_lines": [], "excluded_lines": [], "executed_branches": [], "missing_branches": []}}}, "app/auth/__init__.py": {"executed_lines": [1, 3, 5], "summary": {"covered_lines": 2, "num_statements": 2, "percent_covered": 100.0, "percent_covered_display": "100", "missing_lines": 0, "excluded_lines": 0, "percent_statements_covered": 100.0, "percent_statements_covered_display": "100", "num_branches": 0, "num_partial_branches": 0, "covered_branches": 0, "missing_branches": 0, "percent_branches_covered": 100.0, "percent_branches_covered_display": "100"}, "missing_lines": [], "excluded_lines": [], "executed_branches": [], "missing_branches": [], "functions": {"": {"executed_lines": [1, 3, 5], "summary": {"covered_lines": 2, "num_statements": 2, "percent_covered": 100.0, "percent_covered_display": "100", "missing_lines": 0, "excluded_lines": 0, "percent_statements_covered": 100.0, "percent_statements_covered_display": "100", "num_branches": 0, "num_partial_branches": 0, "covered_branches": 0, "missing_branches": 0, "percent_branches_covered": 100.0, "percent_branches_covered_display": "100"}, "missing_lines": [], "excluded_lines": [], "executed_branches": [], "missing_branches": []}}, "classes": {"": {"executed_lines": [1, 3, 5], "summary": {"covered_lines": 2, "num_statements": 2, "percent_covered": 100.0, "percent_covered_display": "100", "missing_lines": 0, "excluded_lines": 0, "percent_statements_covered": 100.0, "percent_statements_covered_display": "100", "num_branches": 0, "num_partial_branches": 0, "covered_branches": 0, "missing_branches": 0, "percent_branches_covered": 100.0, "percent_branches_covered_display": "100"}, "missing_lines": [], "excluded_lines": [], "executed_branches": [], "missing_branches": []}}}, "app/auth/config.py": {"executed_lines": [1, 8, 9, 10, 13, 14, 19, 22, 26, 30, 32, 33, 34, 35, 39], "summary": {"covered_lines": 13, "num_statements": 13, "percent_covered": 100.0, "percent_covered_display": "100", "missing_lines": 0, "excluded_lines": 0, "percent_statements_covered": 100.0, "percent_statements_covered_display": "100", "num_branches": 0, "num_partial_branches": 0, "covered_branches": 0, "missing_branches": 0, "percent_branches_covered": 100.0, "percent_branches_covered_display": "100"}, "missing_lines": [], "excluded_lines": [], "executed_branches": [], "missing_branches": [], "functions": {"": {"executed_lines": [1, 8, 9, 10, 13, 14, 19, 22, 26, 30, 32, 33, 34, 35, 39], "summary": {"covered_lines": 13, "num_statements": 13, "percent_covered": 100.0, "percent_covered_display": "100", "missing_lines": 0, "excluded_lines": 0, "percent_statements_covered": 100.0, "percent_statements_covered_display": "100", "num_branches": 0, "num_partial_branches": 0, "covered_branches": 0, "missing_branches": 0, "percent_branches_covered": 100.0, "percent_branches_covered_display": "100"}, "missing_lines": [], "excluded_lines": [], "executed_branches": [], "missing_branches": []}}, "classes": {"AuthConfig": {"executed_lines": [], "summary": {"covered_lines": 0, "num_statements": 0, "percent_covered": 100.0, "percent_covered_display": "100", "missing_lines": 0, "excluded_lines": 0, "percent_statements_covered": 100.0, "percent_statements_covered_display": "100", "num_branches": 0, "num_partial_branches": 0, "covered_branches": 0, "missing_branches": 0, "percent_branches_covered": 100.0, "percent_branches_covered_display": "100"}, "missing_lines": [], "excluded_lines": [], "executed_branches": [], "missing_branches": []}, "AuthConfig.Config": {"executed_lines": [], "summary": {"covered_lines": 0, "num_statements": 0, "percent_covered": 100.0, "percent_covered_display": "100", "missing_lines": 0, "excluded_lines": 0, "percent_statements_covered": 100.0, "percent_statements_covered_display": "100", "num_branches": 0, "num_partial_branches": 0, "covered_branches": 0, "missing_branches": 0, "percent_branches_covered": 100.0, "percent_branches_covered_display": "100"}, "missing_lines": [], "excluded_lines": [], "executed_branches": [], "missing_branches": []}, "": {"executed_lines": [1, 8, 9, 10, 13, 14, 19, 22, 26, 30, 32, 33, 34, 35, 39], "summary": {"covered_lines": 13, "num_statements": 13, "percent_covered": 100.0, "percent_covered_display": "100", "missing_lines": 0, "excluded_lines": 0, "percent_statements_covered": 100.0, "percent_statements_covered_display": "100", "num_branches": 0, "num_partial_branches": 0, "covered_branches": 0, "missing_branches": 0, "percent_branches_covered": 100.0, "percent_branches_covered_display": "100"}, "missing_lines": [], "excluded_lines": [], "executed_branches": [], "missing_branches": []}}}, "app/auth/dependencies.py": {"executed_lines": [1, 4, 5, 6, 7, 8, 9, 10, 11, 12, 13, 14, 15, 17, 20, 38, 41, 81, 97, 105, 108, 198], "summary": {"covered_lines": 21, "num_statements": 64, "percent_covered": 26.923076923076923, "percent_covered_display": "27", "missing_lines": 43, "excluded_lines": 1, "percent_statements_covered": 32.8125, "percent_statements_covered_display": "33", "num_branches": 14, "num_partial_branches": 0, "covered_branches": 0, "missing_branches": 14, "percent_branches_covered": 0.0, "percent_branches_covered_display": "0"}, "missing_lines": [30, 31, 32, 34, 60, 61, 64, 66, 67, 72, 73, 78, 98, 99, 103, 154, 157, 163, 164, 166, 167, 168, 174, 176, 182, 183, 185, 186, 190, 195, 246, 249, 252, 254, 255, 256, 262, 268, 269, 271, 272, 276, 281], "excluded_lines": [82], "executed_branches": [], "missing_branches": [[66, 67], [66, 72], [72, 73], [72, 78], [98, 99], [98, 103], [166, 167], [166, 174], [185, 186], [185, 195], [254, 255], [254, 262], [271, 272], [271, 281]], "functions": {"get_db": {"executed_lines": [], "summary": {"covered_lines": 0, "num_statements": 4, "percent_covered": 0.0, "percent_covered_display": "0", "missing_lines": 4, "excluded_lines": 0, "percent_statements_covered": 0.0, "percent_statements_covered_display": "0", "num_branches": 0, "num_partial_branches": 0, "covered_branches": 0, "missing_branches": 0, "percent_branches_covered": 100.0, "percent_branches_covered_display": "100"}, "missing_lines": [30, 31, 32, 34], "excluded_lines": [], "executed_branches": [], "missing_branches": []}, "get_current_user": {"executed_lines": [], "summary": {"covered_lines": 0, "num_statements": 8, "percent_covered": 0.0, "percent_covered_display": "0", "missing_lines": 8, "excluded_lines": 0, "percent_statements_covered": 0.0, "percent_statements_covered_display": "0", "num_branches": 4, "num_partial_branches": 0, "covered_branches": 0, "missing_branches": 4, "percent_branches_covered": 0.0, "percent_branches_covered_display": "0"}, "missing_lines": [60, 61, 64, 66, 67, 72, 73, 78], "excluded_lines": [], "executed_branches": [], "missing_branches": [[66, 67], [66, 72], [72, 73], [72, 78]]}, "require_role": {"executed_lines": [97, 105], "summary": {"covered_lines": 2, "num_statements": 2, "percent_covered": 100.0, "percent_covered_display": "100", "missing_lines": 0, "excluded_lines": 1, "percent_statements_covered": 100.0, "percent_statements_covered_display": "100", "num_branches": 0, "num_partial_branches": 0, "covered_branches": 0, "missing_branches": 0, "percent_branches_covered": 100.0, "percent_branches_covered_display": "100"}, "missing_lines": [], "excluded_lines": [82], "executed_branches": [], "missing_branches": []}, "require_role.role_checker": {"executed_lines": [], "summary": {"covered_lines": 0, "num_statements": 3, "percent_covered": 0.0, "percent_covered_display": "0", "missing_lines": 3, "excluded_lines": 0, "percent_statements_covered": 0.0, "percent_statements_covered_display": "0", "num_branches": 2, "num_partial_branches": 0, "covered_branches": 0, "missing_branches": 2, "percent_branches_covered": 0.0, "percent_branches_covered_display": "0"}, "missing_lines": [98, 99, 103], "excluded_lines": [], "executed_branches": [], "missing_branches": [[98, 99], [98, 103]]}, "verify_treatment_plan_access": {"executed_lines": [], "summary": {"covered_lines": 0, "num_statements": 15, "percent_covered": 0.0, "percent_covered_display": "0", "missing_lines": 15, "excluded_lines": 0, "percent_statements_covered": 0.0, "percent_statements_covered_display": "0", "num_branches": 4, "num_partial_branches": 0, "covered_branches": 0, "missing_branches": 4, "percent_branches_covered": 0.0, "percent_branches_covered_display": "0"}, "missing_lines": [154, 157, 163, 164, 166, 167, 168, 174, 176, 182, 183, 185, 186, 190, 195], "excluded_lines": [], "executed_branches": [], "missing_branches": [[166, 167], [166, 174], [185, 186], [185, 195]]}, "verify_timeline_event_access": {"executed_lines": [], "summary": {"covered_lines": 0, "num_statements": 13, "percent_covered": 0.0, "percent_covered_display": "0", "missing_lines": 13, "excluded_lines": 0, "percent_statements_covered": 0.0, "percent_statements_covered_display": "0", "num_branches": 4, "num_partial_branches": 0, "covered_branches": 0, "missing_branches": 4, "percent_branches_covered": 0.0, "percent_branches_covered_display": "0"}, "missing_lines": [246, 249, 252, 254, 255, 256, 262, 268, 269, 271, 272, 276, 281], "excluded_lines": [], "executed_branches": [], "missing_branches": [[254, 255], [254, 262], [271, 272], [271, 281]]}, "": {"executed_lines": [1, 4, 5, 6, 7, 8, 9, 10, 11, 12, 13, 14, 15, 17, 20, 38, 41, 81, 108, 198], "summary": {"covered_lines": 19, "num_statements": 19, "percent_covered": 100.0, "percent_covered_display": "100", "missing_lines": 0, "excluded_lines": 0, "percent_statements_covered": 100.0, "percent_statements_covered_display": "100", "num_branches": 0, "num_partial_branches": 0, "covered_branches": 0, "missing_branches": 0, "percent_branches_covered": 100.0, "percent_branches_covered_display": "100"}, "missing_lines": [], "excluded_lines": [], "executed_branches": [], "missing_branches": []}}, "classes": {"": {"executed_lines": [1, 4, 5, 6, 7, 8, 9, 10, 11, 12, 13, 14, 15, 17, 20, 38, 41, 81, 97, 105, 108, 198], "summary": {"covered_lines": 21, "num_statements": 64, "percent_covered": 26.923076923076923, "percent_covered_display": "27", "missing_lines": 43, "excluded_lines": 1, "percent_statements_covered": 32.8125, "percent_statements_covered_display": "33", "num_branches": 14, "num_partial_branches": 0, "covered_branches": 0, "missing_branches": 14, "percent_branches_covered": 0.0, "percent_branches_covered_display": "0"}, "missing_lines": [30, 31, 32, 34, 60, 61, 64, 66, 67, 72, 73, 78, 98, 99, 103, 154, 157, 163, 164, 166, 167, 168, 174, 176, 182, 183, 185, 186, 190, 195, 246, 249, 252, 254, 255, 256, 262, 268, 269, 271, 272, 276, 281], "excluded_lines": [82], "executed_branches": [], "missing_branches": [[66, 67], [66, 72], [72, 73], [72, 78], [98, 99], [98, 103], [166, 167], [166, 174], [185, 186], [185, 195], [254, 255], [254, 262], [271, 272], [271, 281]]}}}, "app/auth/models.py": {"executed_lines": [1, 4, 5, 7, 8, 9, 11, 14, 15, 18, 21, 22, 23, 26, 29, 32, 35, 38, 41, 44], "summary": {"covered_lines": 18, "num_statements": 18, "percent_covered": 100.0, "percent_covered_display": "100", "missing_lines": 0, "excluded_lines": 0, "percent_statements_covered": 100.0, "percent_statements_covered_display": "100", "num_branches": 0, "num_partial_branches": 0, "covered_branches": 0, "missing_branches": 0, "percent_branches_covered": 100.0, "percent_branches_covered_display": "100"}, "missing_lines": [], "excluded_lines": [], "executed_branches": [], "missing_branches": [], "functions": {"": {"executed_lines": [1, 4, 5, 7, 8, 9, 11, 14, 15, 18, 21, 22, 23, 26, 29, 32, 35, 38, 41, 44], "summary": {"covered_lines": 18, "num_statements": 18, "percent_covered": 100.0, "percent_covered_display": "100", "missing_lines": 0, "excluded_lines": 0, "percent_statements_covered": 100.0, "percent_statements_covered_display": "100", "num_branches": 0, "num_partial_branches": 0, "covered_branches": 0, "missing_branches": 0, "percent_branches_covered": 100.0, "percent_branches_covered_display": "100"}, "missing_lines": [], "excluded_lines": [], "executed_branches": [], "missing_branches": []}}, "classes": {"AuthSession": {"executed_lines": [], "summary": {"covered_lines": 0, "num_statements": 0, "percent_covered": 100.0, "percent_covered_display": "100", "missing_lines": 0, "excluded_lines": 0, "percent_statements_covered": 100.0, "percent_statements_covered_display": "100", "num_branches": 0, "num_partial_branches": 0, "covered_branches": 0, "missing_branches": 0, "percent_branches_covered": 100.0, "percent_branches_covered_display": "100"}, "missing_lines": [], "excluded_lines": [], "executed_branches": [], "missing_branches": []}, "": {"executed_lines": [1, 4, 5, 7, 8, 9, 11, 14, 15, 18, 21, 22, 23, 26, 29, 32, 35, 38, 41, 44], "summary": {"covered_lines": 18, "num_statements": 18, "percent_covered": 100.0, "percent_covered_display": "100", "missing_lines": 0, "excluded_lines": 0, "percent_statements_covered": 100.0, "percent_statements_covered_display": "100", "num_branches": 0, "num_partial_branches": 0, "covered_branches": 0, "missing_branches": 0, "percent_branches_covered": 100.0, "percent_branches_covered_display": "100"}, "missing_lines": [], "excluded_lines": [], "executed_branches": [], "missing_branches": []}}}, "app/auth/router.py": {"executed_lines": [1, 4, 5, 6, 7, 9, 10, 11, 12, 13, 20, 21, 24, 27, 28, 29, 90, 91, 92, 161, 162, 163, 242, 243, 272, 273], "summary": {"covered_lines": 25, "num_statements": 79, "percent_covered": 25.77319587628866, "percent_covered_display": "26", "missing_lines": 54, "excluded_lines": 0, "percent_statements_covered": 31.645569620253166, "percent_statements_covered_display": "32", "num_branches": 18, "num_partial_branches": 0, "covered_branches": 0, "missing_branches": 18, "percent_branches_covered": 0.0, "percent_branches_covered_display": "0"}, "missing_lines": [48, 50, 51, 57, 58, 64, 65, 71, 72, 75, 80, 81, 83, 111, 112, 113, 119, 130, 131, 132, 133, 134, 135, 136, 142, 143, 146, 151, 152, 154, 185, 189, 190, 196, 197, 203, 204, 210, 212, 213, 219, 220, 223, 224, 227, 232, 233, 235, 260, 265, 266, 267, 269, 283], "excluded_lines": [], "executed_branches": [], "missing_branches": [[50, 51], [50, 57], [57, 58], [57, 64], [64, 65], [64, 71], [112, 113], [112, 119], [189, 190], [189, 196], [196, 197], [196, 203], [203, 204], [203, 210], [212, 213], [212, 219], [265, 266], [265, 269]], "functions": {"login": {"executed_lines": [], "summary": {"covered_lines": 0, "num_statements": 13, "percent_covered": 0.0, "percent_covered_display": "0", "missing_lines": 13, "excluded_lines": 0, "percent_statements_covered": 0.0, "percent_statements_covered_display": "0", "num_branches": 6, "num_partial_branches": 0, "covered_branches": 0, "missing_branches": 6, "percent_branches_covered": 0.0, "percent_branches_covered_display": "0"}, "missing_lines": [48, 50, 51, 57, 58, 64, 65, 71, 72, 75, 80, 81, 83], "excluded_lines": [], "executed_branches": [], "missing_branches": [[50, 51], [50, 57], [57, 58], [57, 64], [64, 65], [64, 71]]}, "signup": {"executed_lines": [], "summary": {"covered_lines": 0, "num_statements": 17, "percent_covered": 0.0, "percent_covered_display": "0", "missing_lines": 17, "excluded_lines": 0, "percent_statements_covered": 0.0, "percent_statements_covered_display": "0", "num_branches": 2, "num_partial_branches": 0, "covered_branches": 0, "missing_branches": 2, "percent_branches_covered": 0.0, "percent_branches_covered_display": "0"}, "missing_lines": [111, 112, 113, 119, 130, 131, 132, 133, 134, 135, 136, 142, 143, 146, 151, 152, 154], "excluded_lines": [], "executed_branches": [], "missing_branches": [[112, 113], [112, 119]]}, "refresh_token": {"executed_lines": [], "summary": {"covered_lines": 0, "num_statements": 18, "percent_covered": 0.0, "percent_covered_display": "0", "missing_lines": 18, "excluded_lines": 0, "percent_statements_covered": 0.0, "percent_statements_covered_display": "0", "num_branches": 8, "num_partial_branches": 0, "covered_branches": 0, "missing_branches": 8, "percent_branches_covered": 0.0, "percent_branches_covered_display": "0"}, "missing_lines": [185, 189, 190, 196, 197, 203, 204, 210, 212, 213, 219, 220, 223, 224, 227, 232, 233, 235], "excluded_lines": [], "executed_branches": [], "missing_branches": [[189, 190], [189, 196], [196, 197], [196, 203], [203, 204], [203, 210], [212, 213], [212, 219]]}, "logout": {"executed_lines": [], "summary": {"covered_lines": 0, "num_statements": 5, "percent_covered": 0.0, "percent_covered_display": "0", "missing_lines": 5, "excluded_lines": 0, "percent_statements_covered": 0.0, "percent_statements_covered_display": "0", "num_branches": 2, "num_partial_branches": 0, "covered_branches": 0, "missing_branches": 2, "percent_branches_covered": 0.0, "percent_branches_covered_display": "0"}, "missing_lines": [260, 265, 266, 267, 269], "excluded_lines": [], "executed_branches": [], "missing_branches": [[265, 266], [265, 269]]}, "get_me": {"executed_lines": [], "summary": {"covered_lines": 0, "num_statements": 1, "percent_covered": 0.0, "percent_covered_display": "0", "missing_lines": 1, "excluded_lines": 0, "percent_statements_covered": 0.0, "percent_statements_covered_display": "0", "num_branches": 0, "num_partial_branches": 0, "covered_branches": 0, "missing_branches": 0, "percent_branches_covered": 100.0, "percent_branches_covered_display": "100"}, "missing_lines": [283], "excluded_lines": [], "executed_branches": [], "missing_branches": []}, "": {"executed_lines": [1, 4, 5, 6, 7, 9, 10, 11, 12, 13, 20, 21, 24, 27, 28, 29, 90, 91, 92, 161, 162, 163, 242, 243, 272, 273], "summary": {"covered_lines": 25, "num_statements": 25, "percent_covered": 100.0, "percent_covered_display": "100", "missing_lines": 0, "excluded_lines": 0, "percent_statements_covered": 100.0, "percent_statements_covered_display": "100", "num_branches": 0, "num_partial_branches": 0, "covered_branches": 0, "missing_branches": 0, "percent_branches_covered": 100.0, "percent_branches_covered_display": "100"}, "missing_lines": [], "excluded_lines": [], "executed_branches": [], "missing_branches": []}}, "classes": {"": {"executed_lines": [1, 4, 5, 6, 7, 9, 10, 11, 12, 13, 20, 21, 24, 27, 28, 29, 90, 91, 92, 161, 162, 163, 242, 243, 272, 273], "summary": {"covered_lines": 25, "num_statements": 79, "percent_covered": 25.77319587628866, "percent_covered_display": "26", "missing_lines": 54, "excluded_lines": 0, "percent_statements_covered": 31.645569620253166, "percent_statements_covered_display": "32", "num_branches": 18, "num_partial_branches": 0, "covered_branches": 0, "missing_branches": 18, "percent_branches_covered": 0.0, "percent_branches_covered_display": "0"}, "missing_lines": [48, 50, 51, 57, 58, 64, 65, 71, 72, 75, 80, 81, 83, 111, 112, 113, 119, 130, 131, 132, 133, 134, 135, 136, 142, 143, 146, 151, 152, 154, 185, 189, 190, 196, 197, 203, 204, 210, 212, 213, 219, 220, 223, 224, 227, 232, 233, 235, 260, 265, 266, 267, 269, 283], "excluded_lines": [], "executed_branches": [], "missing_branches": [[50, 51], [50, 57], [57, 58], [57, 64], [64, 65], [64, 71], [112, 113], [112, 119], [189, 190], [189, 196], [196, 197], [196, 203], [203, 204], [203, 210], [212, 213], [212, 219], [265, 266], [265, 269]]}}}, "app/auth/schemas.py": {"executed_lines": [1, 4, 5, 6, 7, 8, 9, 12, 13, 15, 20, 21, 24, 25, 26, 34, 35, 40, 41, 46, 47, 51, 52, 55, 58, 59, 62, 63, 66, 70, 71], "summary": {"covered_lines": 25, "num_statements": 31, "percent_covered": 80.64516129032258, "percent_covered_display": "81", "missing_lines": 6, "excluded_lines": 0, "percent_statements_covered": 80.64516129032258, "percent_statements_covered_display": "81", "num_branches": 0, "num_partial_branches": 0, "covered_branches": 0, "missing_branches": 0, "percent_branches_covered": 100.0, "percent_branches_covered_display": "100"}, "missing_lines": [28, 29, 30, 31, 32, 37], "excluded_lines": [], "executed_branches": [], "missing_branches": [], "functions": {"UserCreate.validate_password": {"executed_lines": [], "summary": {"covered_lines": 0, "num_statements": 5, "percent_covered": 0.0, "percent_covered_display": "0", "missing_lines": 5, "excluded_lines": 0, "percent_statements_covered": 0.0, "percent_statements_covered_display": "0", "num_branches": 0, "num_partial_branches": 0, "covered_branches": 0, "missing_branches": 0, "percent_branches_covered": 100.0, "percent_branches_covered_display": "100"}, "missing_lines": [28, 29, 30, 31, 32], "excluded_lines": [], "executed_branches": [], "missing_branches": []}, "UserCreate.full_name": {"executed_lines": [], "summary": {"covered_lines": 0, "num_statements": 1, "percent_covered": 0.0, "percent_covered_display": "0", "missing_lines": 1, "excluded_lines": 0, "percent_statements_covered": 0.0, "percent_statements_covered_display": "0", "num_branches": 0, "num_partial_branches": 0, "covered_branches": 0, "missing_branches": 0, "percent_branches_covered": 100.0, "percent_branches_covered_display": "100"}, "missing_lines": [37], "excluded_lines": [], "executed_branches": [], "missing_branches": []}, "": {"executed_lines": [1, 4, 5, 6, 7, 8, 9, 12, 13, 15, 20, 21, 24, 25, 26, 34, 35, 40, 41, 46, 47, 51, 52, 55, 58, 59, 62, 63, 66, 70, 71], "summary": {"covered_lines": 25, "num_statements": 25, "percent_covered": 100.0, "percent_covered_display": "100", "missing_lines": 0, "excluded_lines": 0, "percent_statements_covered": 100.0, "percent_statements_covered_display": "100", "num_branches": 0, "num_partial_branches": 0, "covered_branches": 0, "missing_branches": 0, "percent_branches_covered": 100.0, "percent_branches_covered_display": "100"}, "missing_lines": [], "excluded_lines": [], "executed_branches": [], "missing_branches": []}}, "classes": {"UserCreate": {"executed_lines": [], "summary": {"covered_lines": 0, "num_statements": 6, "percent_covered": 0.0, "percent_covered_display": "0", "missing_lines": 6, "excluded_lines": 0, "percent_statements_covered": 0.0, "percent_statements_covered_display": "0", "num_branches": 0, "num_partial_branches": 0, "covered_branches": 0, "missing_branches": 0, "percent_branches_covered": 100.0, "percent_branches_covered_display": "100"}, "missing_lines": [28, 29, 30, 31, 32, 37], "excluded_lines": [], "executed_branches": [], "missing_branches": []}, "UserLogin": {"executed_lines": [], "summary": {"covered_lines": 0, "num_statements": 0, "percent_covered": 100.0, "percent_covered_display": "100", "missing_lines": 0, "excluded_lines": 0, "percent_statements_covered": 100.0, "percent_statements_covered_display": "100", "num_branches": 0, "num_partial_branches": 0, "covered_branches": 0, "missing_branches": 0, "percent_branches_covered": 100.0, "percent_branches_covered_display": "100"}, "missing_lines": [], "excluded_lines": [], "executed_branches": [], "missing_branches": []}, "UserResponse": {"executed_lines": [], "summary": {"covered_lines": 0, "num_statements": 0, "percent_covered": 100.0, "percent_covered_display": "100", "missing_lines": 0, "excluded_lines": 0, "percent_statements_covered": 100.0, "percent_statements_covered_display": "100", "num_branches": 0, "num_partial_branches": 0, "covered_branches": 0, "missing_branches": 0, "percent_branches_covered": 100.0, "percent_branches_covered_display": "100"}, "missing_lines": [], "excluded_lines": [], "executed_branches": [], "missing_branches": []}, "UserResponse.Config": {"executed_lines": [], "summary": {"covered_lines": 0, "num_statements": 0, "percent_covered": 100.0, "percent_covered_display": "100", "missing_lines": 0, "excluded_lines": 0, "percent_statements_covered": 100.0, "percent_statements_covered_display": "100", "num_branches": 0, "num_partial_branches": 0, "covered_branches": 0, "missing_branches": 0, "percent_branches_covered": 100.0, "percent_branches_covered_display": "100"}, "missing_lines": [], "excluded_lines": [], "executed_branches": [], "missing_branches": []}, "TokenResponse": {"executed_lines": [], "summary": {"covered_lines": 0, "num_statements": 0, "percent_covered": 100.0, "percent_covered_display": "100", "missing_lines": 0, "excluded_lines": 0, "percent_statements_covered": 100.0, "percent_statements_covered_display": "100", "num_branches": 0, "num_partial_branches": 0, "covered_branches": 0, "missing_branches": 0, "percent_branches_covered": 100.0, "percent_branches_covered_display": "100"}, "missing_lines": [], "excluded_lines": [], "executed_branches": [], "missing_branches": []}, "TokenRefresh": {"executed_lines": [], "summary": {"covered_lines": 0, "num_statements": 0, "percent_covered": 100.0, "percent_covered_display": "100", "missing_lines": 0, "excluded_lines": 0, "percent_statements_covered": 100.0, "percent_statements_covered_display": "100", "num_branches": 0, "num_partial_branches": 0, "covered_branches": 0, "missing_branches": 0, "percent_branches_covered": 100.0, "percent_branches_covered_display": "100"}, "missing_lines": [], "excluded_lines": [], "executed_branches": [], "missing_branches": []}, "": {"executed_lines": [1, 4, 5, 6, 7, 8, 9, 12, 13, 15, 20, 21, 24, 25, 26, 34, 35, 40, 41, 46, 47, 51, 52, 55, 58, 59, 62, 63, 66, 70, 71], "summary": {"covered_lines": 25, "num_statements": 25, "percent_covered": 100.0, "percent_covered_display": "100", "missing_lines": 0, "excluded_lines": 0, "percent_statements_covered": 100.0, "percent_statements_covered_display": "100", "num_branches": 0, "num_partial_branches": 0, "covered_branches": 0, "missing_branches": 0, "percent_branches_covered": 100.0, "percent_branches_covered_display": "100"}, "missing_lines": [], "excluded_lines": [], "executed_branches": [], "missing_branches": []}}}, "app/auth/utils.py": {"executed_lines": [1, 8, 9, 10, 11, 12, 13, 14, 15, 16, 17, 20, 23, 24, 29, 72, 105, 156, 166, 169, 183, 196], "summary": {"covered_lines": 21, "num_statements": 50, "percent_covered": 32.8125, "percent_covered_display": "33", "missing_lines": 29, "excluded_lines": 0, "percent_statements_covered": 42.0, "percent_statements_covered_display": "42", "num_branches": 14, "num_partial_branches": 0, "covered_branches": 0, "missing_branches": 14, "percent_branches_covered": 0.0, "percent_branches_covered_display": "0"}, "missing_lines": [46, 47, 51, 52, 56, 57, 61, 62, 66, 67, 84, 85, 88, 96, 102, 118, 120, 127, 128, 134, 135, 137, 138, 143, 148, 149, 180, 193, 210], "excluded_lines": [], "executed_branches": [], "missing_branches": [[46, 47], [46, 51], [51, 52], [51, 56], [56, 57], [56, 61], [61, 62], [61, 66], [66, -29], [66, 67], [127, 128], [127, 134], [137, 138], [137, 143]], "functions": {"validate_password_strength": {"executed_lines": [], "summary": {"covered_lines": 0, "num_statements": 10, "percent_covered": 0.0, "percent_covered_display": "0", "missing_lines": 10, "excluded_lines": 0, "percent_statements_covered": 0.0, "percent_statements_covered_display": "0", "num_branches": 10, "num_partial_branches": 0, "covered_branches": 0, "missing_branches": 10, "percent_branches_covered": 0.0, "percent_branches_covered_display": "0"}, "missing_lines": [46, 47, 51, 52, 56, 57, 61, 62, 66, 67], "excluded_lines": [], "executed_branches": [], "missing_branches": [[46, 47], [46, 51], [51, 52], [51, 56], [56, 57], [56, 61], [61, 62], [61, 66], [66, -29], [66, 67]]}, "create_access_token": {"executed_lines": [], "summary": {"covered_lines": 0, "num_statements": 5, "percent_covered": 0.0, "percent_covered_display": "0", "missing_lines": 5, "excluded_lines": 0, "percent_statements_covered": 0.0, "percent_statements_covered_display": "0", "num_branches": 0, "num_partial_branches": 0, "covered_branches": 0, "missing_branches": 0, "percent_branches_covered": 100.0, "percent_branches_covered_display": "100"}, "missing_lines": [84, 85, 88, 96, 102], "excluded_lines": [], "executed_branches": [], "missing_branches": []}, "decode_access_token": {"executed_lines": [], "summary": {"covered_lines": 0, "num_statements": 11, "percent_covered": 0.0, "percent_covered_display": "0", "missing_lines": 11, "excluded_lines": 0, "percent_statements_covered": 0.0, "percent_statements_covered_display": "0", "num_branches": 4, "num_partial_branches": 0, "covered_branches": 0, "missing_branches": 4, "percent_branches_covered": 0.0, "percent_branches_covered_display": "0"}, "missing_lines": [118, 120, 127, 128, 134, 135, 137, 138, 143, 148, 149], "excluded_lines": [], "executed_branches": [], "missing_branches": [[127, 128], [127, 134], [137, 138], [137, 143]]}, "get_password_hash": {"executed_lines": [166], "summary": {"covered_lines": 1, "num_statements": 1, "percent_covered": 100.0, "percent_covered_display": "100", "missing_lines": 0, "excluded_lines": 0, "percent_statements_covered": 100.0, "percent_statements_covered_display": "100", "num_branches": 0, "num_partial_branches": 0, "covered_branches": 0, "missing_branches": 0, "percent_branches_covered": 100.0, "percent_branches_covered_display": "100"}, "missing_lines": [], "excluded_lines": [], "executed_branches": [], "missing_branches": []}, "verify_password": {"executed_lines": [], "summary": {"covered_lines": 0, "num_statements": 1, "percent_covered": 0.0, "percent_covered_display": "0", "missing_lines": 1, "excluded_lines": 0, "percent_statements_covered": 0.0, "percent_statements_covered_display": "0", "num_branches": 0, "num_partial_branches": 0, "covered_branches": 0, "missing_branches": 0, "percent_branches_covered": 100.0, "percent_branches_covered_display": "100"}, "missing_lines": [180], "excluded_lines": [], "executed_branches": [], "missing_branches": []}, "create_refresh_token": {"executed_lines": [], "summary": {"covered_lines": 0, "num_statements": 1, "percent_covered": 0.0, "percent_covered_display": "0", "missing_lines": 1, "excluded_lines": 0, "percent_statements_covered": 0.0, "percent_statements_covered_display": "0", "num_branches": 0, "num_partial_branches": 0, "covered_branches": 0, "missing_branches": 0, "percent_branches_covered": 100.0, "percent_branches_covered_display": "100"}, "missing_lines": [193], "excluded_lines": [], "executed_branches": [], "missing_branches": []}, "hash_refresh_token": {"executed_lines": [], "summary": {"covered_lines": 0, "num_statements": 1, "percent_covered": 0.0, "percent_covered_display": "0", "missing_lines": 1, "excluded_lines": 0, "percent_statements_covered": 0.0, "percent_statements_covered_display": "0", "num_branches": 0, "num_partial_branches": 0, "covered_branches": 0, "missing_branches": 0, "percent_branches_covered": 100.0, "percent_branches_covered_display": "100"}, "missing_lines": [210], "excluded_lines": [], "executed_branches": [], "missing_branches": []}, "": {"executed_lines": [1, 8, 9, 10, 11, 12, 13, 14, 15, 16, 17, 20, 23, 24, 29, 72, 105, 156, 169, 183, 196], "summary": {"covered_lines": 20, "num_statements": 20, "percent_covered": 100.0, "percent_covered_display": "100", "missing_lines": 0, "excluded_lines": 0, "percent_statements_covered": 100.0, "percent_statements_covered_display": "100", "num_branches": 0, "num_partial_branches": 0, "covered_branches": 0, "missing_branches": 0, "percent_branches_covered": 100.0, "percent_branches_covered_display": "100"}, "missing_lines": [], "excluded_lines": [], "executed_branches": [], "missing_branches": []}}, "classes": {"": {"executed_lines": [1, 8, 9, 10, 11, 12, 13, 14, 15, 16, 17, 20, 23, 24, 29, 72, 105, 156, 166, 169, 183, 196], "summary": {"covered_lines": 21, "num_statements": 50, "percent_covered": 32.8125, "percent_covered_display": "33", "missing_lines": 29, "excluded_lines": 0, "percent_statements_covered": 42.0, "percent_statements_covered_display": "42", "num_branches": 14, "num_partial_branches": 0, "covered_branches": 0, "missing_branches": 14, "percent_branches_covered": 0.0, "percent_branches_covered_display": "0"}, "missing_lines": [46, 47, 51, 52, 56, 57, 61, 62, 66, 67, 84, 85, 88, 96, 102, 118, 120, 127, 128, 134, 135, 137, 138, 143, 148, 149, 180, 193, 210], "excluded_lines": [], "executed_branches": [], "missing_branches": [[46, 47], [46, 51], [51, 52], [51, 56], [56, 57], [56, 61], [61, 62], [61, 66], [66, -29], [66, 67], [127, 128], [127, 134], [137, 138], [137, 143]]}}}, "app/config.py": {"executed_lines": [1, 21, 22, 23, 24, 25, 27, 28, 31, 32, 33, 34, 35, 38, 39, 51, 56, 65, 70, 77, 84, 91, 100, 105, 110, 117, 124, 135, 140, 145, 152, 163, 171, 180, 185, 192, 201, 208, 215, 220, 231, 236, 243, 254, 259, 264, 269, 274, 285, 291, 297, 303, 309, 318, 323, 330, 341, 346, 355, 366, 367, 368, 372, 374, 375, 376, 378, 380, 381, 382, 384, 386, 388, 389, 390, 392, 394, 396, 397, 398, 400, 402, 404, 405, 406, 408, 409, 410, 412, 418, 425, 461, 463, 464, 465, 472, 478, 479, 496, 497, 501, 502, 506, 507, 511, 512, 516, 517, 527, 534, 583, 584, 590, 591, 594, 595, 598, 599, 602, 603, 608], "summary": {"covered_lines": 117, "num_statements": 169, "percent_covered": 61.19402985074627, "percent_covered_display": "61", "missing_lines": 52, "excluded_lines": 0, "percent_statements_covered": 69.23076923076923, "percent_statements_covered_display": "69", "num_branches": 32, "num_partial_branches": 6, "covered_branches": 6, "missing_branches": 26, "percent_branches_covered": 18.75, "percent_branches_covered_display": "19"}, "missing_lines": [385, 393, 401, 411, 426, 427, 432, 433, 438, 441, 446, 447, 453, 454, 481, 484, 485, 486, 487, 490, 491, 492, 494, 499, 504, 509, 514, 519, 544, 545, 546, 547, 548, 549, 550, 551, 552, 553, 554, 557, 563, 564, 565, 566, 568, 569, 574, 575, 592, 596, 600, 604], "excluded_lines": [], "executed_branches": [[384, 386], [392, 394], [400, 402], [410, 412], [425, 461], [461, 463]], "missing_branches": [[384, 385], [392, 393], [400, 401], [410, 411], [425, 426], [426, 427], [426, 432], [432, 433], [432, 438], [438, 441], [438, 446], [446, 447], [446, 453], [453, 454], [453, 461], [461, 472], [484, 485], [484, 486], [486, 487], [486, 490], [564, 565], [564, 568], [565, 564], [565, 566], [568, 569], [568, 574]], "functions": {"Settings.validate_debug_in_production": {"executed_lines": [372], "summary": {"covered_lines": 1, "num_statements": 1, "percent_covered": 100.0, "percent_covered_display": "100", "missing_lines": 0, "excluded_lines": 0, "percent_statements_covered": 100.0, "percent_statements_covered_display": "100", "num_branches": 0, "num_partial_branches": 0, "covered_branches": 0, "missing_branches": 0, "percent_branches_covered": 100.0, "percent_branches_covered_display": "100"}, "missing_lines": [], "excluded_lines": [], "executed_branches": [], "missing_branches": []}, "Settings.validate_sql_echo_in_production": {"executed_lines": [378], "summary": {"covered_lines": 1, "num_statements": 1, "percent_covered": 100.0, "percent_covered_display": "100", "missing_lines": 0, "excluded_lines": 0, "percent_statements_covered": 100.0, "percent_statements_covered_display": "100", "num_branches": 0, "num_partial_branches": 0, "covered_branches": 0, "missing_branches": 0, "percent_branches_covered": 100.0, "percent_branches_covered_display": "100"}, "missing_lines": [], "excluded_lines": [], "executed_branches": [], "missing_branches": []}, "Settings.validate_jwt_secret": {"executed_lines": [384, 386], "summary": {"covered_lines": 2, "num_statements": 3, "percent_covered": 60.0, "percent_covered_display": "60", "missing_lines": 1, "excluded_lines": 0, "percent_statements_covered": 66.66666666666667, "percent_statements_covered_display": "67", "num_branches": 2, "num_partial_branches": 1, "covered_branches": 1, "missing_branches": 1, "percent_branches_covered": 50.0, "percent_branches_covered_display": "50"}, "missing_lines": [385], "excluded_lines": [], "executed_branches": [[384, 386]], "missing_branches": [[384, 385]]}, "Settings.parse_cors_origins": {"executed_lines": [392, 394], "summary": {"covered_lines": 2, "num_statements": 3, "percent_covered": 60.0, "percent_covered_display": "60", "missing_lines": 1, "excluded_lines": 0, "percent_statements_covered": 66.66666666666667, "percent_statements_covered_display": "67", "num_branches": 2, "num_partial_branches": 1, "covered_branches": 1, "missing_branches": 1, "percent_branches_covered": 50.0, "percent_branches_covered_display": "50"}, "missing_lines": [393], "excluded_lines": [], "executed_branches": [[392, 394]], "missing_branches": [[392, 393]]}, "Settings.parse_audio_formats": {"executed_lines": [400, 402], "summary": {"covered_lines": 2, "num_statements": 3, "percent_covered": 60.0, "percent_covered_display": "60", "missing_lines": 1, "excluded_lines": 0, "percent_statements_covered": 66.66666666666667, "percent_statements_covered_display": "67", "num_branches": 2, "num_partial_branches": 1, "covered_branches": 1, "missing_branches": 1, "percent_branches_covered": 50.0, "percent_branches_covered_display": "50"}, "missing_lines": [401], "excluded_lines": [], "executed_branches": [[400, 402]], "missing_branches": [[400, 401]]}, "Settings.validate_log_level": {"executed_lines": [408, 409, 410, 412], "summary": {"covered_lines": 4, "num_statements": 5, "percent_covered": 71.42857142857143, "percent_covered_display": "71", "missing_lines": 1, "excluded_lines": 0, "percent_statements_covered": 80.0, "percent_statements_covered_display": "80", "num_branches": 2, "num_partial_branches": 1, "covered_branches": 1, "missing_branches": 1, "percent_branches_covered": 50.0, "percent_branches_covered_display": "50"}, "missing_lines": [411], "excluded_lines": [], "executed_branches": [[410, 412]], "missing_branches": [[410, 411]]}, "Settings.model_post_init": {"executed_lines": [425, 461, 463, 464, 465, 472], "summary": {"covered_lines": 6, "num_statements": 16, "percent_covered": 26.666666666666668, "percent_covered_display": "27", "missing_lines": 10, "excluded_lines": 0, "percent_statements_covered": 37.5, "percent_statements_covered_display": "38", "num_branches": 14, "num_partial_branches": 2, "covered_branches": 2, "missing_branches": 12, "percent_branches_covered": 14.285714285714286, "percent_branches_covered_display": "14"}, "missing_lines": [426, 427, 432, 433, 438, 441, 446, 447, 453, 454], "excluded_lines": [], "executed_branches": [[425, 461], [461, 463]], "missing_branches": [[425, 426], [426, 427], [426, 432], [432, 433], [432, 438], [438, 441], [438, 446], [446, 447], [446, 453], [453, 454], [453, 461], [461, 472]]}, "Settings.async_database_url": {"executed_lines": [], "summary": {"covered_lines": 0, "num_statements": 9, "percent_covered": 0.0, "percent_covered_display": "0", "missing_lines": 9, "excluded_lines": 0, "percent_statements_covered": 0.0, "percent_statements_covered_display": "0", "num_branches": 4, "num_partial_branches": 0, "covered_branches": 0, "missing_branches": 4, "percent_branches_covered": 0.0, "percent_branches_covered_display": "0"}, "missing_lines": [481, 484, 485, 486, 487, 490, 491, 492, 494], "excluded_lines": [], "executed_branches": [], "missing_branches": [[484, 485], [484, 486], [486, 487], [486, 490]]}, "Settings.sync_database_url": {"executed_lines": [], "summary": {"covered_lines": 0, "num_statements": 1, "percent_covered": 0.0, "percent_covered_display": "0", "missing_lines": 1, "excluded_lines": 0, "percent_statements_covered": 0.0, "percent_statements_covered_display": "0", "num_branches": 0, "num_partial_branches": 0, "covered_branches": 0, "missing_branches": 0, "percent_branches_covered": 100.0, "percent_branches_covered_display": "100"}, "missing_lines": [499], "excluded_lines": [], "executed_branches": [], "missing_branches": []}, "Settings.max_upload_size_bytes": {"executed_lines": [], "summary": {"covered_lines": 0, "num_statements": 1, "percent_covered": 0.0, "percent_covered_display": "0", "missing_lines": 1, "excluded_lines": 0, "percent_statements_covered": 0.0, "percent_statements_covered_display": "0", "num_branches": 0, "num_partial_branches": 0, "covered_branches": 0, "missing_branches": 0, "percent_branches_covered": 100.0, "percent_branches_covered_display": "100"}, "missing_lines": [504], "excluded_lines": [], "executed_branches": [], "missing_branches": []}, "Settings.is_production": {"executed_lines": [], "summary": {"covered_lines": 0, "num_statements": 1, "percent_covered": 0.0, "percent_covered_display": "0", "missing_lines": 1, "excluded_lines": 0, "percent_statements_covered": 0.0, "percent_statements_covered_display": "0", "num_branches": 0, "num_partial_branches": 0, "covered_branches": 0, "missing_branches": 0, "percent_branches_covered": 100.0, "percent_branches_covered_display": "100"}, "missing_lines": [509], "excluded_lines": [], "executed_branches": [], "missing_branches": []}, "Settings.is_development": {"executed_lines": [], "summary": {"covered_lines": 0, "num_statements": 1, "percent_covered": 0.0, "percent_covered_display": "0", "missing_lines": 1, "excluded_lines": 0, "percent_statements_covered": 0.0, "percent_statements_covered_display": "0", "num_branches": 0, "num_partial_branches": 0, "covered_branches": 0, "missing_branches": 0, "percent_branches_covered": 100.0, "percent_branches_covered_display": "100"}, "missing_lines": [514], "excluded_lines": [], "executed_branches": [], "missing_branches": []}, "Settings.is_staging": {"executed_lines": [], "summary": {"covered_lines": 0, "num_statements": 1, "percent_covered": 0.0, "percent_covered_display": "0", "missing_lines": 1, "excluded_lines": 0, "percent_statements_covered": 0.0, "percent_statements_covered_display": "0", "num_branches": 0, "num_partial_branches": 0, "covered_branches": 0, "missing_branches": 0, "percent_branches_covered": 100.0, "percent_branches_covered_display": "100"}, "missing_lines": [519], "excluded_lines": [], "executed_branches": [], "missing_branches": []}, "validate_settings": {"executed_lines": [], "summary": {"covered_lines": 0, "num_statements": 20, "percent_covered": 0.0, "percent_covered_display": "0", "missing_lines": 20, "excluded_lines": 0, "percent_statements_covered": 0.0, "percent_statements_covered_display": "0", "num_branches": 6, "num_partial_branches": 0, "covered_branches": 0, "missing_branches": 6, "percent_branches_covered": 0.0, "percent_branches_covered_display": "0"}, "missing_lines": [544, 545, 546, 547, 548, 549, 550, 551, 552, 553, 554, 557, 563, 564, 565, 566, 568, 569, 574, 575], "excluded_lines": [], "executed_branches": [], "missing_branches": [[564, 565], [564, 568], [565, 564], [565, 566], [568, 569], [568, 574]]}, "AuthConfig.SECRET_KEY": {"executed_lines": [], "summary": {"covered_lines": 0, "num_statements": 1, "percent_covered": 0.0, "percent_covered_display": "0", "missing_lines": 1, "excluded_lines": 0, "percent_statements_covered": 0.0, "percent_statements_covered_display": "0", "num_branches": 0, "num_partial_branches": 0, "covered_branches": 0, "missing_branches": 0, "percent_branches_covered": 100.0, "percent_branches_covered_display": "100"}, "missing_lines": [592], "excluded_lines": [], "executed_branches": [], "missing_branches": []}, "AuthConfig.ALGORITHM": {"executed_lines": [], "summary": {"covered_lines": 0, "num_statements": 1, "percent_covered": 0.0, "percent_covered_display": "0", "missing_lines": 1, "excluded_lines": 0, "percent_statements_covered": 0.0, "percent_statements_covered_display": "0", "num_branches": 0, "num_partial_branches": 0, "covered_branches": 0, "missing_branches": 0, "percent_branches_covered": 100.0, "percent_branches_covered_display": "100"}, "missing_lines": [596], "excluded_lines": [], "executed_branches": [], "missing_branches": []}, "AuthConfig.ACCESS_TOKEN_EXPIRE_MINUTES": {"executed_lines": [], "summary": {"covered_lines": 0, "num_statements": 1, "percent_covered": 0.0, "percent_covered_display": "0", "missing_lines": 1, "excluded_lines": 0, "percent_statements_covered": 0.0, "percent_statements_covered_display": "0", "num_branches": 0, "num_partial_branches": 0, "covered_branches": 0, "missing_branches": 0, "percent_branches_covered": 100.0, "percent_branches_covered_display": "100"}, "missing_lines": [600], "excluded_lines": [], "executed_branches": [], "missing_branches": []}, "AuthConfig.REFRESH_TOKEN_EXPIRE_DAYS": {"executed_lines": [], "summary": {"covered_lines": 0, "num_statements": 1, "percent_covered": 0.0, "percent_covered_display": "0", "missing_lines": 1, "excluded_lines": 0, "percent_statements_covered": 0.0, "percent_statements_covered_display": "0", "num_branches": 0, "num_partial_branches": 0, "covered_branches": 0, "missing_branches": 0, "percent_branches_covered": 100.0, "percent_branches_covered_display": "100"}, "missing_lines": [604], "excluded_lines": [], "executed_branches": [], "missing_branches": []}, "": {"executed_lines": [1, 21, 22, 23, 24, 25, 27, 28, 31, 32, 33, 34, 35, 38, 39, 51, 56, 65, 70, 77, 84, 91, 100, 105, 110, 117, 124, 135, 140, 145, 152, 163, 171, 180, 185, 192, 201, 208, 215, 220, 231, 236, 243, 254, 259, 264, 269, 274, 285, 291, 297, 303, 309, 318, 323, 330, 341, 346, 355, 366, 367, 368, 374, 375, 376, 380, 381, 382, 388, 389, 390, 396, 397, 398, 404, 405, 406, 418, 478, 479, 496, 497, 501, 502, 506, 507, 511, 512, 516, 517, 527, 534, 583, 584, 590, 591, 594, 595, 598, 599, 602, 603, 608], "summary": {"covered_lines": 99, "num_statements": 99, "percent_covered": 100.0, "percent_covered_display": "100", "missing_lines": 0, "excluded_lines": 0, "percent_statements_covered": 100.0, "percent_statements_covered_display": "100", "num_branches": 0, "num_partial_branches": 0, "covered_branches": 0, "missing_branches": 0, "percent_branches_covered": 100.0, "percent_branches_covered_display": "100"}, "missing_lines": [], "excluded_lines": [], "executed_branches": [], "missing_branches": []}}, "classes": {"Environment": {"executed_lines": [], "summary": {"covered_lines": 0, "num_statements": 0, "percent_covered": 100.0, "percent_covered_display": "100", "missing_lines": 0, "excluded_lines": 0, "percent_statements_covered": 100.0, "percent_statements_covered_display": "100", "num_branches": 0, "num_partial_branches": 0, "covered_branches": 0, "missing_branches": 0, "percent_branches_covered": 100.0, "percent_branches_covered_display": "100"}, "missing_lines": [], "excluded_lines": [], "executed_branches": [], "missing_branches": []}, "Settings": {"executed_lines": [372, 378, 384, 386, 392, 394, 400, 402, 408, 409, 410, 412, 425, 461, 463, 464, 465, 472], "summary": {"covered_lines": 18, "num_statements": 46, "percent_covered": 33.333333333333336, "percent_covered_display": "33", "missing_lines": 28, "excluded_lines": 0, "percent_statements_covered": 39.130434782608695, "percent_statements_covered_display": "39", "num_branches": 26, "num_partial_branches": 6, "covered_branches": 6, "missing_branches": 20, "percent_branches_covered": 23.076923076923077, "percent_branches_covered_display": "23"}, "missing_lines": [385, 393, 401, 411, 426, 427, 432, 433, 438, 441, 446, 447, 453, 454, 481, 484, 485, 486, 487, 490, 491, 492, 494, 499, 504, 509, 514, 519], "excluded_lines": [], "executed_branches": [[384, 386], [392, 394], [400, 402], [410, 412], [425, 461], [461, 463]], "missing_branches": [[384, 385], [392, 393], [400, 401], [410, 411], [425, 426], [426, 427], [426, 432], [432, 433], [432, 438], [438, 441], [438, 446], [446, 447], [446, 453], [453, 454], [453, 461], [461, 472], [484, 485], [484, 486], [486, 487], [486, 490]]}, "AuthConfig": {"executed_lines": [], "summary": {"covered_lines": 0, "num_statements": 4, "percent_covered": 0.0, "percent_covered_display": "0", "missing_lines": 4, "excluded_lines": 0, "percent_statements_covered": 0.0, "percent_statements_covered_display": "0", "num_branches": 0, "num_partial_branches": 0, "covered_branches": 0, "missing_branches": 0, "percent_branches_covered": 100.0, "percent_branches_covered_display": "100"}, "missing_lines": [592, 596, 600, 604], "excluded_lines": [], "executed_branches": [], "missing_branches": []}, "": {"executed_lines": [1, 21, 22, 23, 24, 25, 27, 28, 31, 32, 33, 34, 35, 38, 39, 51, 56, 65, 70, 77, 84, 91, 100, 105, 110, 117, 124, 135, 140, 145, 152, 163, 171, 180, 185, 192, 201, 208, 215, 220, 231, 236, 243, 254, 259, 264, 269, 274, 285, 291, 297, 303, 309, 318, 323, 330, 341, 346, 355, 366, 367, 368, 374, 375, 376, 380, 381, 382, 388, 389, 390, 396, 397, 398, 404, 405, 406, 418, 478, 479, 496, 497, 501, 502, 506, 507, 511, 512, 516, 517, 527, 534, 583, 584, 590, 591, 594, 595, 598, 599, 602, 603, 608], "summary": {"covered_lines": 99, "num_statements": 119, "percent_covered": 79.2, "percent_covered_display": "79", "missing_lines": 20, "excluded_lines": 0, "percent_statements_covered": 83.19327731092437, "percent_statements_covered_display": "83", "num_branches": 6, "num_partial_branches": 0, "covered_branches": 0, "missing_branches": 6, "percent_branches_covered": 0.0, "percent_branches_covered_display": "0"}, "missing_lines": [544, 545, 546, 547, 548, 549, 550, 551, 552, 553, 554, 557, 563, 564, 565, 566, 568, 569, 574, 575], "excluded_lines": [], "executed_branches": [], "missing_branches": [[564, 565], [564, 568], [565, 564], [565, 566], [568, 569], [568, 574]]}}}, "app/data/__init__.py": {"executed_lines": [], "summary": {"covered_lines": 0, "num_statements": 0, "percent_covered": 100.0, "percent_covered_display": "100", "missing_lines": 0, "excluded_lines": 0, "percent_statements_covered": 100.0, "percent_statements_covered_display": "100", "num_branches": 0, "num_partial_branches": 0, "covered_branches": 0, "missing_branches": 0, "percent_branches_covered": 100.0, "percent_branches_covered_display": "100"}, "missing_lines": [], "excluded_lines": [], "executed_branches": [], "missing_branches": [], "functions": {"": {"executed_lines": [], "summary": {"covered_lines": 0, "num_statements": 0, "percent_covered": 100.0, "percent_covered_display": "100", "missing_lines": 0, "excluded_lines": 0, "percent_statements_covered": 100.0, "percent_statements_covered_display": "100", "num_branches": 0, "num_partial_branches": 0, "covered_branches": 0, "missing_branches": 0, "percent_branches_covered": 100.0, "percent_branches_covered_display": "100"}, "missing_lines": [], "excluded_lines": [], "executed_branches": [], "missing_branches": []}}, "classes": {"": {"executed_lines": [], "summary": {"covered_lines": 0, "num_statements": 0, "percent_covered": 100.0, "percent_covered_display": "100", "missing_lines": 0, "excluded_lines": 0, "percent_statements_covered": 100.0, "percent_statements_covered_display": "100", "num_branches": 0, "num_partial_branches": 0, "covered_branches": 0, "missing_branches": 0, "percent_branches_covered": 100.0, "percent_branches_covered_display": "100"}, "missing_lines": [], "excluded_lines": [], "executed_branches": [], "missing_branches": []}}}, "app/database.py": {"executed_lines": [1, 4, 5, 7, 8, 9, 10, 12, 15, 16, 22, 25, 26, 27, 28, 31, 33, 34, 37, 38, 39, 43, 55, 63, 64, 76, 83, 86, 107, 113], "summary": {"covered_lines": 29, "num_statements": 42, "percent_covered": 66.66666666666667, "percent_covered_display": "67", "missing_lines": 13, "excluded_lines": 0, "percent_statements_covered": 69.04761904761905, "percent_statements_covered_display": "69", "num_branches": 6, "num_partial_branches": 3, "covered_branches": 3, "missing_branches": 3, "percent_branches_covered": 50.0, "percent_branches_covered_display": "50"}, "missing_lines": [17, 32, 96, 97, 98, 99, 100, 101, 102, 104, 109, 110, 115], "excluded_lines": [], "executed_branches": [[16, 22], [31, 33], [33, 34]], "missing_branches": [[16, 17], [31, 32], [33, 37]], "functions": {"get_db": {"executed_lines": [], "summary": {"covered_lines": 0, "num_statements": 8, "percent_covered": 0.0, "percent_covered_display": "0", "missing_lines": 8, "excluded_lines": 0, "percent_statements_covered": 0.0, "percent_statements_covered_display": "0", "num_branches": 0, "num_partial_branches": 0, "covered_branches": 0, "missing_branches": 0, "percent_branches_covered": 100.0, "percent_branches_covered_display": "100"}, "missing_lines": [96, 97, 98, 99, 100, 101, 102, 104], "excluded_lines": [], "executed_branches": [], "missing_branches": []}, "init_db": {"executed_lines": [], "summary": {"covered_lines": 0, "num_statements": 2, "percent_covered": 0.0, "percent_covered_display": "0", "missing_lines": 2, "excluded_lines": 0, "percent_statements_covered": 0.0, "percent_statements_covered_display": "0", "num_branches": 0, "num_partial_branches": 0, "covered_branches": 0, "missing_branches": 0, "percent_branches_covered": 100.0, "percent_branches_covered_display": "100"}, "missing_lines": [109, 110], "excluded_lines": [], "executed_branches": [], "missing_branches": []}, "close_db": {"executed_lines": [], "summary": {"covered_lines": 0, "num_statements": 1, "percent_covered": 0.0, "percent_covered_display": "0", "missing_lines": 1, "excluded_lines": 0, "percent_statements_covered": 0.0, "percent_statements_covered_display": "0", "num_branches": 0, "num_partial_branches": 0, "covered_branches": 0, "missing_branches": 0, "percent_branches_covered": 100.0, "percent_branches_covered_display": "100"}, "missing_lines": [115], "excluded_lines": [], "executed_branches": [], "missing_branches": []}, "": {"executed_lines": [1, 4, 5, 7, 8, 9, 10, 12, 15, 16, 22, 25, 26, 27, 28, 31, 33, 34, 37, 38, 39, 43, 55, 63, 64, 76, 83, 86, 107, 113], "summary": {"covered_lines": 29, "num_statements": 31, "percent_covered": 86.48648648648648, "percent_covered_display": "86", "missing_lines": 2, "excluded_lines": 0, "percent_statements_covered": 93.54838709677419, "percent_statements_covered_display": "94", "num_branches": 6, "num_partial_branches": 3, "covered_branches": 3, "missing_branches": 3, "percent_branches_covered": 50.0, "percent_branches_covered_display": "50"}, "missing_lines": [17, 32], "excluded_lines": [], "executed_branches": [[16, 22], [31, 33], [33, 34]], "missing_branches": [[16, 17], [31, 32], [33, 37]]}}, "classes": {"": {"executed_lines": [1, 4, 5, 7, 8, 9, 10, 12, 15, 16, 22, 25, 26, 27, 28, 31, 33, 34, 37, 38, 39, 43, 55, 63, 64, 76, 83, 86, 107, 113], "summary": {"covered_lines": 29, "num_statements": 42, "percent_covered": 66.66666666666667, "percent_covered_display": "67", "missing_lines": 13, "excluded_lines": 0, "percent_statements_covered": 69.04761904761905, "percent_statements_covered_display": "69", "num_branches": 6, "num_partial_branches": 3, "covered_branches": 3, "missing_branches": 3, "percent_branches_covered": 50.0, "percent_branches_covered_display": "50"}, "missing_lines": [17, 32, 96, 97, 98, 99, 100, 101, 102, 104, 109, 110, 115], "excluded_lines": [], "executed_branches": [[16, 22], [31, 33], [33, 34]], "missing_branches": [[16, 17], [31, 32], [33, 37]]}}}, "app/logging_config.py": {"executed_lines": [1, 7, 8, 9, 10, 11, 12, 15, 16, 23, 65, 82, 83, 87, 90, 94, 99, 102, 103, 106, 107, 108, 111, 128, 129, 137], "summary": {"covered_lines": 23, "num_statements": 52, "percent_covered": 33.78378378378378, "percent_covered_display": "34", "missing_lines": 29, "excluded_lines": 0, "percent_statements_covered": 44.23076923076923, "percent_statements_covered_display": "44", "num_branches": 22, "num_partial_branches": 2, "covered_branches": 2, "missing_branches": 20, "percent_branches_covered": 9.090909090909092, "percent_branches_covered_display": "9"}, "missing_lines": [25, 36, 37, 40, 41, 42, 43, 44, 45, 46, 48, 51, 52, 53, 54, 55, 56, 57, 58, 59, 60, 62, 84, 91, 125, 139, 140, 141, 142], "excluded_lines": [], "executed_branches": [[83, 87], [90, 94]], "missing_branches": [[36, 37], [36, 40], [40, 41], [40, 51], [44, 45], [44, 51], [51, 52], [51, 53], [53, 54], [53, 55], [55, 56], [55, 57], [57, 58], [57, 59], [59, 60], [59, 62], [83, 84], [90, 91], [139, 140], [139, 141]], "functions": {"JSONFormatter.format": {"executed_lines": [], "summary": {"covered_lines": 0, "num_statements": 22, "percent_covered": 0.0, "percent_covered_display": "0", "missing_lines": 22, "excluded_lines": 0, "percent_statements_covered": 0.0, "percent_statements_covered_display": "0", "num_branches": 16, "num_partial_branches": 0, "covered_branches": 0, "missing_branches": 16, "percent_branches_covered": 0.0, "percent_branches_covered_display": "0"}, "missing_lines": [25, 36, 37, 40, 41, 42, 43, 44, 45, 46, 48, 51, 52, 53, 54, 55, 56, 57, 58, 59, 60, 62], "excluded_lines": [], "executed_branches": [], "missing_branches": [[36, 37], [36, 40], [40, 41], [40, 51], [44, 45], [44, 51], [51, 52], [51, 53], [53, 54], [53, 55], [55, 56], [55, 57], [57, 58], [57, 59], [59, 60], [59, 62]]}, "setup_logging": {"executed_lines": [82, 83, 87, 90, 94, 99, 102, 103, 106, 107, 108], "summary": {"covered_lines": 11, "num_statements": 13, "percent_covered": 76.47058823529412, "percent_covered_display": "76", "missing_lines": 2, "excluded_lines": 0, "percent_statements_covered": 84.61538461538461, "percent_statements_covered_display": "85", "num_branches": 4, "num_partial_branches": 2, "covered_branches": 2, "missing_branches": 2, "percent_branches_covered": 50.0, "percent_branches_covered_display": "50"}, "missing_lines": [84, 91], "excluded_lines": [], "executed_branches": [[83, 87], [90, 94]], "missing_branches": [[83, 84], [90, 91]]}, "get_logger": {"executed_lines": [], "summary": {"covered_lines": 0, "num_statements": 1, "percent_covered": 0.0, "percent_covered_display": "0", "missing_lines": 1, "excluded_lines": 0, "percent_statements_covered": 0.0, "percent_statements_covered_display": "0", "num_branches": 0, "num_partial_branches": 0, "covered_branches": 0, "missing_branches": 0, "percent_branches_covered": 100.0, "percent_branches_covered_display": "100"}, "missing_lines": [125], "excluded_lines": [], "executed_branches": [], "missing_branches": []}, "LoggerAdapter.process": {"executed_lines": [], "summary": {"covered_lines": 0, "num_statements": 4, "percent_covered": 0.0, "percent_covered_display": "0", "missing_lines": 4, "excluded_lines": 0, "percent_statements_covered": 0.0, "percent_statements_covered_display": "0", "num_branches": 2, "num_partial_branches": 0, "covered_branches": 0, "missing_branches": 2, "percent_branches_covered": 0.0, "percent_branches_covered_display": "0"}, "missing_lines": [139, 140, 141, 142], "excluded_lines": [], "executed_branches": [], "missing_branches": [[139, 140], [139, 141]]}, "": {"executed_lines": [1, 7, 8, 9, 10, 11, 12, 15, 16, 23, 65, 111, 128, 129, 137], "summary": {"covered_lines": 12, "num_statements": 12, "percent_covered": 100.0, "percent_covered_display": "100", "missing_lines": 0, "excluded_lines": 0, "percent_statements_covered": 100.0, "percent_statements_covered_display": "100", "num_branches": 0, "num_partial_branches": 0, "covered_branches": 0, "missing_branches": 0, "percent_branches_covered": 100.0, "percent_branches_covered_display": "100"}, "missing_lines": [], "excluded_lines": [], "executed_branches": [], "missing_branches": []}}, "classes": {"JSONFormatter": {"executed_lines": [], "summary": {"covered_lines": 0, "num_statements": 22, "percent_covered": 0.0, "percent_covered_display": "0", "missing_lines": 22, "excluded_lines": 0, "percent_statements_covered": 0.0, "percent_statements_covered_display": "0", "num_branches": 16, "num_partial_branches": 0, "covered_branches": 0, "missing_branches": 16, "percent_branches_covered": 0.0, "percent_branches_covered_display": "0"}, "missing_lines": [25, 36, 37, 40, 41, 42, 43, 44, 45, 46, 48, 51, 52, 53, 54, 55, 56, 57, 58, 59, 60, 62], "excluded_lines": [], "executed_branches": [], "missing_branches": [[36, 37], [36, 40], [40, 41], [40, 51], [44, 45], [44, 51], [51, 52], [51, 53], [53, 54], [53, 55], [55, 56], [55, 57], [57, 58], [57, 59], [59, 60], [59, 62]]}, "LoggerAdapter": {"executed_lines": [], "summary": {"covered_lines": 0, "num_statements": 4, "percent_covered": 0.0, "percent_covered_display": "0", "missing_lines": 4, "excluded_lines": 0, "percent_statements_covered": 0.0, "percent_statements_covered_display": "0", "num_branches": 2, "num_partial_branches": 0, "covered_branches": 0, "missing_branches": 2, "percent_branches_covered": 0.0, "percent_branches_covered_display": "0"}, "missing_lines": [139, 140, 141, 142], "excluded_lines": [], "executed_branches": [], "missing_branches": [[139, 140], [139, 141]]}, "": {"executed_lines": [1, 7, 8, 9, 10, 11, 12, 15, 16, 23, 65, 82, 83, 87, 90, 94, 99, 102, 103, 106, 107, 108, 111, 128, 129, 137], "summary": {"covered_lines": 23, "num_statements": 26, "percent_covered": 83.33333333333333, "percent_covered_display": "83", "missing_lines": 3, "excluded_lines": 0, "percent_statements_covered": 88.46153846153847, "percent_statements_covered_display": "88", "num_branches": 4, "num_partial_branches": 2, "covered_branches": 2, "missing_branches": 2, "percent_branches_covered": 50.0, "percent_branches_covered_display": "50"}, "missing_lines": [84, 91, 125], "excluded_lines": [], "executed_branches": [[83, 87], [90, 94]], "missing_branches": [[83, 84], [90, 91]]}}}, "app/main.py": {"executed_lines": [1, 5, 6, 7, 8, 9, 10, 11, 12, 13, 14, 16, 17, 18, 19, 20, 21, 22, 23, 24, 27, 28, 31, 34, 35, 37, 40, 41, 42, 44, 47, 48, 101, 104, 113, 114, 117, 128, 131, 139, 142, 152, 155, 156, 157, 158, 159, 160, 163, 164, 165, 166, 167, 170, 175, 180, 185, 192, 193, 196, 197, 198, 201, 202, 211, 212, 288, 289, 311, 312], "summary": {"covered_lines": 69, "num_statements": 124, "percent_covered": 52.27272727272727, "percent_covered_display": "52", "missing_lines": 55, "excluded_lines": 0, "percent_statements_covered": 55.645161290322584, "percent_statements_covered_display": "56", "num_branches": 8, "num_partial_branches": 0, "covered_branches": 0, "missing_branches": 8, "percent_branches_covered": 0.0, "percent_branches_covered_display": "0"}, "missing_lines": [53, 56, 62, 64, 65, 66, 69, 70, 73, 76, 77, 78, 79, 81, 83, 85, 87, 90, 91, 92, 94, 95, 204, 223, 229, 232, 233, 234, 235, 236, 239, 246, 251, 252, 253, 259, 260, 261, 262, 268, 269, 273, 275, 281, 282, 283, 285, 298, 299, 300, 301, 302, 303, 304, 321], "excluded_lines": [], "executed_branches": [], "missing_branches": [[62, 64], [62, 81], [85, -47], [85, 87], [261, 262], [261, 268], [281, 282], [281, 285]], "functions": {"lifespan": {"executed_lines": [], "summary": {"covered_lines": 0, "num_statements": 22, "percent_covered": 0.0, "percent_covered_display": "0", "missing_lines": 22, "excluded_lines": 0, "percent_statements_covered": 0.0, "percent_statements_covered_display": "0", "num_branches": 4, "num_partial_branches": 0, "covered_branches": 0, "missing_branches": 4, "percent_branches_covered": 0.0, "percent_branches_covered_display": "0"}, "missing_lines": [53, 56, 62, 64, 65, 66, 69, 70, 73, 76, 77, 78, 79, 81, 83, 85, 87, 90, 91, 92, 94, 95], "excluded_lines": [], "executed_branches": [], "missing_branches": [[62, 64], [62, 81], [85, -47], [85, 87]]}, "root": {"executed_lines": [], "summary": {"covered_lines": 0, "num_statements": 1, "percent_covered": 0.0, "percent_covered_display": "0", "missing_lines": 1, "excluded_lines": 0, "percent_statements_covered": 0.0, "percent_statements_covered_display": "0", "num_branches": 0, "num_partial_branches": 0, "covered_branches": 0, "missing_branches": 0, "percent_branches_covered": 100.0, "percent_branches_covered_display": "100"}, "missing_lines": [204], "excluded_lines": [], "executed_branches": [], "missing_branches": []}, "health_check": {"executed_lines": [], "summary": {"covered_lines": 0, "num_statements": 24, "percent_covered": 0.0, "percent_covered_display": "0", "missing_lines": 24, "excluded_lines": 0, "percent_statements_covered": 0.0, "percent_statements_covered_display": "0", "num_branches": 4, "num_partial_branches": 0, "covered_branches": 0, "missing_branches": 4, "percent_branches_covered": 0.0, "percent_branches_covered_display": "0"}, "missing_lines": [223, 229, 232, 233, 234, 235, 236, 239, 246, 251, 252, 253, 259, 260, 261, 262, 268, 269, 273, 275, 281, 282, 283, 285], "excluded_lines": [], "executed_branches": [], "missing_branches": [[261, 262], [261, 268], [281, 282], [281, 285]]}, "readiness_check": {"executed_lines": [], "summary": {"covered_lines": 0, "num_statements": 7, "percent_covered": 0.0, "percent_covered_display": "0", "missing_lines": 7, "excluded_lines": 0, "percent_statements_covered": 0.0, "percent_statements_covered_display": "0", "num_branches": 0, "num_partial_branches": 0, "covered_branches": 0, "missing_branches": 0, "percent_branches_covered": 100.0, "percent_branches_covered_display": "100"}, "missing_lines": [298, 299, 300, 301, 302, 303, 304], "excluded_lines": [], "executed_branches": [], "missing_branches": []}, "liveness_check": {"executed_lines": [], "summary": {"covered_lines": 0, "num_statements": 1, "percent_covered": 0.0, "percent_covered_display": "0", "missing_lines": 1, "excluded_lines": 0, "percent_statements_covered": 0.0, "percent_statements_covered_display": "0", "num_branches": 0, "num_partial_branches": 0, "covered_branches": 0, "missing_branches": 0, "percent_branches_covered": 100.0, "percent_branches_covered_display": "100"}, "missing_lines": [321], "excluded_lines": [], "executed_branches": [], "missing_branches": []}, "": {"executed_lines": [1, 5, 6, 7, 8, 9, 10, 11, 12, 13, 14, 16, 17, 18, 19, 20, 21, 22, 23, 24, 27, 28, 31, 34, 35, 37, 40, 41, 42, 44, 47, 48, 101, 104, 113, 114, 117, 128, 131, 139, 142, 152, 155, 156, 157, 158, 159, 160, 163, 164, 165, 166, 167, 170, 175, 180, 185, 192, 193, 196, 197, 198, 201, 202, 211, 212, 288, 289, 311, 312], "summary": {"covered_lines": 69, "num_statements": 69, "percent_covered": 100.0, "percent_covered_display": "100", "missing_lines": 0, "excluded_lines": 0, "percent_statements_covered": 100.0, "percent_statements_covered_display": "100", "num_branches": 0, "num_partial_branches": 0, "covered_branches": 0, "missing_branches": 0, "percent_branches_covered": 100.0, "percent_branches_covered_display": "100"}, "missing_lines": [], "excluded_lines": [], "executed_branches": [], "missing_branches": []}}, "classes": {"": {"executed_lines": [1, 5, 6, 7, 8, 9, 10, 11, 12, 13, 14, 16, 17, 18, 19, 20, 21, 22, 23, 24, 27, 28, 31, 34, 35, 37, 40, 41, 42, 44, 47, 48, 101, 104, 113, 114, 117, 128, 131, 139, 142, 152, 155, 156, 157, 158, 159, 160, 163, 164, 165, 166, 167, 170, 175, 180, 185, 192, 193, 196, 197, 198, 201, 202, 211, 212, 288, 289, 311, 312], "summary": {"covered_lines": 69, "num_statements": 124, "percent_covered": 52.27272727272727, "percent_covered_display": "52", "missing_lines": 55, "excluded_lines": 0, "percent_statements_covered": 55.645161290322584, "percent_statements_covered_display": "56", "num_branches": 8, "num_partial_branches": 0, "covered_branches": 0, "missing_branches": 8, "percent_branches_covered": 0.0, "percent_branches_covered_display": "0"}, "missing_lines": [53, 56, 62, 64, 65, 66, 69, 70, 73, 76, 77, 78, 79, 81, 83, 85, 87, 90, 91, 92, 94, 95, 204, 223, 229, 232, 233, 234, 235, 236, 239, 246, 251, 252, 253, 259, 260, 261, 262, 268, 269, 273, 275, 281, 282, 283, 285, 298, 299, 300, 301, 302, 303, 304, 321], "excluded_lines": [], "executed_branches": [], "missing_branches": [[62, 64], [62, 81], [85, -47], [85, 87], [261, 262], [261, 268], [281, 282], [281, 285]]}}}, "app/middleware/__init__.py": {"executed_lines": [1, 4, 5, 10, 23], "summary": {"covered_lines": 4, "num_statements": 4, "percent_covered": 100.0, "percent_covered_display": "100", "missing_lines": 0, "excluded_lines": 0, "percent_statements_covered": 100.0, "percent_statements_covered_display": "100", "num_branches": 0, "num_partial_branches": 0, "covered_branches": 0, "missing_branches": 0, "percent_branches_covered": 100.0, "percent_branches_covered_display": "100"}, "missing_lines": [], "excluded_lines": [], "executed_branches": [], "missing_branches": [], "functions": {"": {"executed_lines": [1, 4, 5, 10, 23], "summary": {"covered_lines": 4, "num_statements": 4, "percent_covered": 100.0, "percent_covered_display": "100", "missing_lines": 0, "excluded_lines": 0, "percent_statements_covered": 100.0, "percent_statements_covered_display": "100", "num_branches": 0, "num_partial_branches": 0, "covered_branches": 0, "missing_branches": 0, "percent_branches_covered": 100.0, "percent_branches_covered_display": "100"}, "missing_lines": [], "excluded_lines": [], "executed_branches": [], "missing_branches": []}}, "classes": {"": {"executed_lines": [1, 4, 5, 10, 23], "summary": {"covered_lines": 4, "num_statements": 4, "percent_covered": 100.0, "percent_covered_display": "100", "missing_lines": 0, "excluded_lines": 0, "percent_statements_covered": 100.0, "percent_statements_covered_display": "100", "num_branches": 0, "num_partial_branches": 0, "covered_branches": 0, "missing_branches": 0, "percent_branches_covered": 100.0, "percent_branches_covered_display": "100"}, "missing_lines": [], "excluded_lines": [], "executed_branches": [], "missing_branches": []}}}, "app/middleware/audit.py": {"executed_lines": [1, 17, 18, 19, 20, 21, 22, 24, 25, 26, 28, 29, 32, 33, 50, 61, 68, 80, 88, 97, 129, 151, 175, 236, 264, 288, 314, 365, 404, 430, 471, 528], "summary": {"covered_lines": 30, "num_statements": 159, "percent_covered": 13.574660633484163, "percent_covered_display": "14", "missing_lines": 129, "excluded_lines": 0, "percent_statements_covered": 18.867924528301888, "percent_statements_covered_display": "19", "num_branches": 62, "num_partial_branches": 0, "covered_branches": 0, "missing_branches": 62, "percent_branches_covered": 0.0, "percent_branches_covered_display": "0"}, "missing_lines": [95, 109, 110, 113, 116, 119, 127, 139, 142, 143, 146, 147, 149, 162, 164, 167, 168, 170, 171, 173, 190, 192, 194, 195, 198, 199, 200, 201, 204, 207, 228, 229, 231, 234, 246, 248, 249, 251, 252, 253, 254, 257, 258, 260, 261, 262, 274, 276, 277, 280, 281, 282, 284, 285, 286, 299, 301, 302, 304, 307, 308, 310, 311, 312, 330, 331, 334, 337, 345, 348, 349, 350, 351, 352, 353, 354, 355, 356, 357, 360, 361, 363, 381, 384, 398, 399, 400, 402, 419, 421, 422, 423, 424, 425, 426, 428, 450, 452, 453, 456, 457, 458, 459, 460, 461, 464, 465, 467, 468, 469, 491, 492, 493, 496, 497, 500, 501, 504, 505, 508, 509, 512, 513, 514, 517, 518, 521, 522, 525], "excluded_lines": [], "executed_branches": [], "missing_branches": [[109, 110], [109, 113], [142, 143], [142, 146], [146, 147], [146, 149], [167, 168], [167, 170], [248, 249], [248, 257], [251, 252], [251, 253], [253, 254], [253, 257], [257, 258], [257, 260], [276, 277], [276, 280], [281, 282], [281, 284], [302, 304], [302, 307], [307, 308], [307, 310], [348, 349], [348, 350], [350, 351], [350, 352], [352, 353], [352, 354], [354, 355], [354, 356], [356, 357], [356, 360], [360, 361], [360, 363], [398, 399], [398, 402], [399, 398], [399, 400], [422, 423], [422, 428], [452, 453], [452, 456], [457, 458], [457, 464], [464, 465], [464, 467], [496, 497], [496, 500], [500, 501], [500, 504], [504, 505], [504, 508], [508, 509], [508, 512], [513, 514], [513, 517], [517, 518], [517, 521], [521, 522], [521, 525]], "functions": {"AuditMiddleware.__init__": {"executed_lines": [], "summary": {"covered_lines": 0, "num_statements": 1, "percent_covered": 0.0, "percent_covered_display": "0", "missing_lines": 1, "excluded_lines": 0, "percent_statements_covered": 0.0, "percent_statements_covered_display": "0", "num_branches": 0, "num_partial_branches": 0, "covered_branches": 0, "missing_branches": 0, "percent_branches_covered": 100.0, "percent_branches_covered_display": "100"}, "missing_lines": [95], "excluded_lines": [], "executed_branches": [], "missing_branches": []}, "AuditMiddleware.dispatch": {"executed_lines": [], "summary": {"covered_lines": 0, "num_statements": 6, "percent_covered": 0.0, "percent_covered_display": "0", "missing_lines": 6, "excluded_lines": 0, "percent_statements_covered": 0.0, "percent_statements_covered_display": "0", "num_branches": 2, "num_partial_branches": 0, "covered_branches": 0, "missing_branches": 2, "percent_branches_covered": 0.0, "percent_branches_covered_display": "0"}, "missing_lines": [109, 110, 113, 116, 119, 127], "excluded_lines": [], "executed_branches": [], "missing_branches": [[109, 110], [109, 113]]}, "AuditMiddleware._should_exclude": {"executed_lines": [], "summary": {"covered_lines": 0, "num_statements": 6, "percent_covered": 0.0, "percent_covered_display": "0", "missing_lines": 6, "excluded_lines": 0, "percent_statements_covered": 0.0, "percent_statements_covered_display": "0", "num_branches": 4, "num_partial_branches": 0, "covered_branches": 0, "missing_branches": 4, "percent_branches_covered": 0.0, "percent_branches_covered_display": "0"}, "missing_lines": [139, 142, 143, 146, 147, 149], "excluded_lines": [], "executed_branches": [], "missing_branches": [[142, 143], [142, 146], [146, 147], [146, 149]]}, "AuditMiddleware._hash_request_body": {"executed_lines": [], "summary": {"covered_lines": 0, "num_statements": 7, "percent_covered": 0.0, "percent_covered_display": "0", "missing_lines": 7, "excluded_lines": 0, "percent_statements_covered": 0.0, "percent_statements_covered_display": "0", "num_branches": 2, "num_partial_branches": 0, "covered_branches": 0, "missing_branches": 2, "percent_branches_covered": 0.0, "percent_branches_covered_display": "0"}, "missing_lines": [162, 164, 167, 168, 170, 171, 173], "excluded_lines": [], "executed_branches": [], "missing_branches": [[167, 168], [167, 170]]}, "AuditMiddleware._create_audit_log": {"executed_lines": [], "summary": {"covered_lines": 0, "num_statements": 14, "percent_covered": 0.0, "percent_covered_display": "0", "missing_lines": 14, "excluded_lines": 0, "percent_statements_covered": 0.0, "percent_statements_covered_display": "0", "num_branches": 0, "num_partial_branches": 0, "covered_branches": 0, "missing_branches": 0, "percent_branches_covered": 100.0, "percent_branches_covered_display": "100"}, "missing_lines": [190, 192, 194, 195, 198, 199, 200, 201, 204, 207, 228, 229, 231, 234], "excluded_lines": [], "executed_branches": [], "missing_branches": []}, "AuditMiddleware._get_user_id": {"executed_lines": [], "summary": {"covered_lines": 0, "num_statements": 12, "percent_covered": 0.0, "percent_covered_display": "0", "missing_lines": 12, "excluded_lines": 0, "percent_statements_covered": 0.0, "percent_statements_covered_display": "0", "num_branches": 8, "num_partial_branches": 0, "covered_branches": 0, "missing_branches": 8, "percent_branches_covered": 0.0, "percent_branches_covered_display": "0"}, "missing_lines": [246, 248, 249, 251, 252, 253, 254, 257, 258, 260, 261, 262], "excluded_lines": [], "executed_branches": [], "missing_branches": [[248, 249], [248, 257], [251, 252], [251, 253], [253, 254], [253, 257], [257, 258], [257, 260]]}, "AuditMiddleware._get_session_id": {"executed_lines": [], "summary": {"covered_lines": 0, "num_statements": 9, "percent_covered": 0.0, "percent_covered_display": "0", "missing_lines": 9, "excluded_lines": 0, "percent_statements_covered": 0.0, "percent_statements_covered_display": "0", "num_branches": 4, "num_partial_branches": 0, "covered_branches": 0, "missing_branches": 4, "percent_branches_covered": 0.0, "percent_branches_covered_display": "0"}, "missing_lines": [274, 276, 277, 280, 281, 282, 284, 285, 286], "excluded_lines": [], "executed_branches": [], "missing_branches": [[276, 277], [276, 280], [281, 282], [281, 284]]}, "AuditMiddleware._get_client_ip": {"executed_lines": [], "summary": {"covered_lines": 0, "num_statements": 9, "percent_covered": 0.0, "percent_covered_display": "0", "missing_lines": 9, "excluded_lines": 0, "percent_statements_covered": 0.0, "percent_statements_covered_display": "0", "num_branches": 4, "num_partial_branches": 0, "covered_branches": 0, "missing_branches": 4, "percent_branches_covered": 0.0, "percent_branches_covered_display": "0"}, "missing_lines": [299, 301, 302, 304, 307, 308, 310, 311, 312], "excluded_lines": [], "executed_branches": [], "missing_branches": [[302, 304], [302, 307], [307, 308], [307, 310]]}, "AuditMiddleware._determine_action": {"executed_lines": [], "summary": {"covered_lines": 0, "num_statements": 18, "percent_covered": 0.0, "percent_covered_display": "0", "missing_lines": 18, "excluded_lines": 0, "percent_statements_covered": 0.0, "percent_statements_covered_display": "0", "num_branches": 12, "num_partial_branches": 0, "covered_branches": 0, "missing_branches": 12, "percent_branches_covered": 0.0, "percent_branches_covered_display": "0"}, "missing_lines": [330, 331, 334, 337, 345, 348, 349, 350, 351, 352, 353, 354, 355, 356, 357, 360, 361, 363], "excluded_lines": [], "executed_branches": [], "missing_branches": [[348, 349], [348, 350], [350, 351], [350, 352], [352, 353], [352, 354], [354, 355], [354, 356], [356, 357], [356, 360], [360, 361], [360, 363]]}, "AuditMiddleware._extract_resource_type": {"executed_lines": [], "summary": {"covered_lines": 0, "num_statements": 6, "percent_covered": 0.0, "percent_covered_display": "0", "missing_lines": 6, "excluded_lines": 0, "percent_statements_covered": 0.0, "percent_statements_covered_display": "0", "num_branches": 4, "num_partial_branches": 0, "covered_branches": 0, "missing_branches": 4, "percent_branches_covered": 0.0, "percent_branches_covered_display": "0"}, "missing_lines": [381, 384, 398, 399, 400, 402], "excluded_lines": [], "executed_branches": [], "missing_branches": [[398, 399], [398, 402], [399, 398], [399, 400]]}, "AuditMiddleware._extract_resource_id": {"executed_lines": [], "summary": {"covered_lines": 0, "num_statements": 8, "percent_covered": 0.0, "percent_covered_display": "0", "missing_lines": 8, "excluded_lines": 0, "percent_statements_covered": 0.0, "percent_statements_covered_display": "0", "num_branches": 2, "num_partial_branches": 0, "covered_branches": 0, "missing_branches": 2, "percent_branches_covered": 0.0, "percent_branches_covered_display": "0"}, "missing_lines": [419, 421, 422, 423, 424, 425, 426, 428], "excluded_lines": [], "executed_branches": [], "missing_branches": [[422, 423], [422, 428]]}, "AuditMiddleware._extract_patient_id": {"executed_lines": [], "summary": {"covered_lines": 0, "num_statements": 14, "percent_covered": 0.0, "percent_covered_display": "0", "missing_lines": 14, "excluded_lines": 0, "percent_statements_covered": 0.0, "percent_statements_covered_display": "0", "num_branches": 6, "num_partial_branches": 0, "covered_branches": 0, "missing_branches": 6, "percent_branches_covered": 0.0, "percent_branches_covered_display": "0"}, "missing_lines": [450, 452, 453, 456, 457, 458, 459, 460, 461, 464, 465, 467, 468, 469], "excluded_lines": [], "executed_branches": [], "missing_branches": [[452, 453], [452, 456], [457, 458], [457, 464], 
[...]
1, 302, 305, 307, 308, 310, 311, 312, 314, 319, 321, 322, 325, 326, 328, 334, 345, 347, 348, 350, 357, 359, 365, 371, 372, 376, 377], "excluded_lines": [191], "executed_branches": [], "missing_branches": [[271, 272], [271, 280], [280, 282], [280, 357], [292, 293], [292, 297], [300, 301], [300, 325], [301, 302], [301, 305], [307, 308], [307, 310], [310, 300], [310, 311], [311, 312], [311, 314], [321, 310], [321, 322], [325, 326], [325, 328]]}, "register_analytics_jobs": {"executed_lines": [], "summary": {"covered_lines": 0, "num_statements": 17, "percent_covered": 0.0, "percent_covered_display": "0", "missing_lines": 17, "excluded_lines": 0, "percent_statements_covered": 0.0, "percent_statements_covered_display": "0", "num_branches": 0, "num_partial_branches": 0, "covered_branches": 0, "missing_branches": 0, "percent_branches_covered": 100.0, "percent_branches_covered_display": "100"}, "missing_lines": [427, 428, 429, 430, 434, 436, 437, 438, 439, 442, 444, 448, 450, 460, 467, 477, 482], "excluded_lines": [], "executed_branches": [], "missing_branches": []}, "": {"executed_lines": [1, 19, 20, 21, 22, 24, 25, 26, 28, 29, 30, 31, 33, 36, 190, 380], "summary": {"covered_lines": 15, "num_statements": 15, "percent_covered": 100.0, "percent_covered_display": "100", "missing_lines": 0, "excluded_lines": 0, "percent_statements_covered": 100.0, "percent_statements_covered_display": "100", "num_branches": 0, "num_partial_branches": 0, "covered_branches": 0, "missing_branches": 0, "percent_branches_covered": 100.0, "percent_branches_covered_display": "100"}, "missing_lines": [], "excluded_lines": [], "executed_branches": [], "missing_branches": []}}, "classes": {"": {"executed_lines": [1, 19, 20, 21, 22, 24, 25, 26, 28, 29, 30, 31, 33, 36, 190, 380], "summary": {"covered_lines": 15, "num_statements": 117, "percent_covered": 10.638297872340425, "percent_covered_display": "11", "missing_lines": 102, "excluded_lines": 1, "percent_statements_covered": 12.820512820512821, "percent_statements_covered_display": "13", "num_branches": 24, "num_partial_branches": 0, "covered_branches": 0, "missing_branches": 24, "percent_branches_covered": 0.0, "percent_branches_covered_display": "0"}, "missing_lines": [73, 75, 76, 78, 79, 81, 82, 85, 86, 88, 98, 112, 113, 115, 116, 120, 127, 128, 129, 130, 131, 135, 145, 155, 157, 158, 160, 167, 169, 175, 181, 182, 186, 187, 246, 248, 249, 251, 252, 254, 256, 260, 266, 267, 269, 271, 272, 273, 280, 282, 289, 290, 292, 293, 294, 297, 298, 300, 301, 302, 305, 307, 308, 310, 311, 312, 314, 319, 321, 322, 325, 326, 328, 334, 345, 347, 348, 350, 357, 359, 365, 371, 372, 376, 377, 427, 428, 429, 430, 434, 436, 437, 438, 439, 442, 444, 448, 450, 460, 467, 477, 482], "excluded_lines": [191], "executed_branches": [], "missing_branches": [[115, 116], [115, 127], [127, 128], [127, 167], [271, 272], [271, 280], [280, 282], [280, 357], [292, 293], [292, 297], [300, 301], [300, 325], [301, 302], [301, 305], [307, 308], [307, 310], [310, 300], [310, 311], [311, 312], [311, 314], [321, 310], [321, 322], [325, 326], [325, 328]]}}}, "app/tasks/scheduled_exports.py": {"executed_lines": [1, 17, 18, 19, 20, 22, 23, 25, 26, 27, 28, 29, 31, 34, 257, 388], "summary": {"covered_lines": 15, "num_statements": 140, "percent_covered": 8.620689655172415, "percent_covered_display": "9", "missing_lines": 125, "excluded_lines": 0, "percent_statements_covered": 10.714285714285714, "percent_statements_covered_display": "11", "num_branches": 34, "num_partial_branches": 0, "covered_branches": 0, "missing_branches": 34, "percent_branches_covered": 0.0, "percent_branches_covered_display": "0"}, "missing_lines": [70, 72, 73, 74, 77, 83, 84, 86, 87, 88, 90, 92, 94, 95, 96, 106, 115, 116, 117, 120, 121, 122, 125, 127, 128, 129, 132, 133, 135, 136, 137, 141, 143, 146, 149, 150, 157, 158, 164, 165, 168, 177, 178, 179, 181, 182, 185, 186, 187, 188, 191, 193, 201, 203, 204, 205, 207, 216, 219, 220, 224, 226, 228, 236, 237, 243, 245, 246, 248, 249, 253, 254, 292, 294, 296, 297, 299, 302, 303, 305, 307, 309, 310, 311, 315, 316, 319, 320, 321, 323, 325, 326, 328, 330, 332, 333, 334, 337, 340, 341, 348, 351, 352, 362, 372, 373, 374, 376, 378, 382, 385, 437, 438, 439, 440, 444, 446, 447, 448, 449, 452, 454, 458, 468, 473], "excluded_lines": [], "executed_branches": [], "missing_branches": [[86, 87], [86, 90], [94, 95], [94, 245], [133, 135], [133, 141], [136, 137], [136, 157], [141, 143], [141, 157], [149, 150], [149, 157], [157, 158], [157, 164], [164, 165], [164, 168], [294, 296], [294, 307], [302, 303], [302, 305], [307, 309], [307, 330], [319, 320], [319, 325], [321, 323], [321, 325], [330, 332], [330, 382], [351, 352], [351, 362], [372, 373], [372, 378], [373, 374], [373, 376]], "functions": {"process_scheduled_reports": {"executed_lines": [], "summary": {"covered_lines": 0, "num_statements": 72, "percent_covered": 0.0, "percent_covered_display": "0", "missing_lines": 72, "excluded_lines": 0, "percent_statements_covered": 0.0, "percent_statements_covered_display": "0", "num_branches": 16, "num_partial_branches": 0, "covered_branches": 0, "missing_branches": 16, "percent_branches_covered": 0.0, "percent_branches_covered_display": "0"}, "missing_lines": [70, 72, 73, 74, 77, 83, 84, 86, 87, 88, 90, 92, 94, 95, 96, 106, 115, 116, 117, 120, 121, 122, 125, 127, 128, 129, 132, 133, 135, 136, 137, 141, 143, 146, 149, 150, 157, 158, 164, 165, 168, 177, 178, 179, 181, 182, 185, 186, 187, 188, 191, 193, 201, 203, 204, 205, 207, 216, 219, 220, 224, 226, 228, 236, 237, 243, 245, 246, 248, 249, 253, 254], "excluded_lines": [], "executed_branches": [], "missing_branches": [[86, 87], [86, 90], [94, 95], [94, 245], [133, 135], [133, 141], [136, 137], [136, 157], [141, 143], [141, 157], [149, 150], [149, 157], [157, 158], [157, 164], [164, 165], [164, 168]]}, "calculate_next_run": {"executed_lines": [], "summary": {"covered_lines": 0, "num_statements": 39, "percent_covered": 0.0, "percent_covered_display": "0", "missing_lines": 39, "excluded_lines": 0, "percent_statements_covered": 0.0, "percent_statements_covered_display": "0", "num_branches": 18, "num_partial_branches": 0, "covered_branches": 0, "missing_branches": 18, "percent_branches_covered": 0.0, "percent_branches_covered_display": "0"}, "missing_lines": [292, 294, 296, 297, 299, 302, 303, 305, 307, 309, 310, 311, 315, 316, 319, 320, 321, 323, 325, 326, 328, 330, 332, 333, 334, 337, 340, 341, 348, 351, 352, 362, 372, 373, 374, 376, 378, 382, 385], "excluded_lines": [], "executed_branches": [], "missing_branches": [[294, 296], [294, 307], [302, 303], [302, 305], [307, 309], [307, 330], [319, 320], [319, 325], [321, 323], [321, 325], [330, 332], [330, 382], [351, 352], [351, 362], [372, 373], [372, 378], [373, 374], [373, 376]]}, "register_export_jobs": {"executed_lines": [], "summary": {"covered_lines": 0, "num_statements": 14, "percent_covered": 0.0, "percent_covered_display": "0", "missing_lines": 14, "excluded_lines": 0, "percent_statements_covered": 0.0, "percent_statements_covered_display": "0", "num_branches": 0, "num_partial_branches": 0, "covered_branches": 0, "missing_branches": 0, "percent_branches_covered": 100.0, "percent_branches_covered_display": "100"}, "missing_lines": [437, 438, 439, 440, 444, 446, 447, 448, 449, 452, 454, 458, 468, 473], "excluded_lines": [], "executed_branches": [], "missing_branches": []}, "": {"executed_lines": [1, 17, 18, 19, 20, 22, 23, 25, 26, 27, 28, 29, 31, 34, 257, 388], "summary": {"covered_lines": 15, "num_statements": 15, "percent_covered": 100.0, "percent_covered_display": "100", "missing_lines": 0, "excluded_lines": 0, "percent_statements_covered": 100.0, "percent_statements_covered_display": "100", "num_branches": 0, "num_partial_branches": 0, "covered_branches": 0, "missing_branches": 0, "percent_branches_covered": 100.0, "percent_branches_covered_display": "100"}, "missing_lines": [], "excluded_lines": [], "executed_branches": [], "missing_branches": []}}, "classes": {"": {"executed_lines": [1, 17, 18, 19, 20, 22, 23, 25, 26, 27, 28, 29, 31, 34, 257, 388], "summary": {"covered_lines": 15, "num_statements": 140, "percent_covered": 8.620689655172415, "percent_covered_display": "9", "missing_lines": 125, "excluded_lines": 0, "percent_statements_covered": 10.714285714285714, "percent_statements_covered_display": "11", "num_branches": 34, "num_partial_branches": 0, "covered_branches": 0, "missing_branches": 34, "percent_branches_covered": 0.0, "percent_branches_covered_display": "0"}, "missing_lines": [70, 72, 73, 74, 77, 83, 84, 86, 87, 88, 90, 92, 94, 95, 96, 106, 115, 116, 117, 120, 121, 122, 125, 127, 128, 129, 132, 133, 135, 136, 137, 141, 143, 146, 149, 150, 157, 158, 164, 165, 168, 177, 178, 179, 181, 182, 185, 186, 187, 188, 191, 193, 201, 203, 204, 205, 207, 216, 219, 220, 224, 226, 228, 236, 237, 243, 245, 246, 248, 249, 253, 254, 292, 294, 296, 297, 299, 302, 303, 305, 307, 309, 310, 311, 315, 316, 319, 320, 321, 323, 325, 326, 328, 330, 332, 333, 334, 337, 340, 341, 348, 351, 352, 362, 372, 373, 374, 376, 378, 382, 385, 437, 438, 439, 440, 444, 446, 447, 448, 449, 452, 454, 458, 468, 473], "excluded_lines": [], "executed_branches": [], "missing_branches": [[86, 87], [86, 90], [94, 95], [94, 245], [133, 135], [133, 141], [136, 137], [136, 157], [141, 143], [141, 157], [149, 150], [149, 157], [157, 158], [157, 164], [164, 165], [164, 168], [294, 296], [294, 307], [302, 303], [302, 305], [307, 309], [307, 330], [319, 320], [319, 325], [321, 323], [321, 325], [330, 332], [330, 382], [351, 352], [351, 362], [372, 373], [372, 378], [373, 374], [373, 376]]}}}, "app/validators.py": {"executed_lines": [1, 11, 12, 13, 14, 15, 16, 17, 18, 20, 28, 34, 41, 83, 146, 149, 156, 219, 240, 291, 322, 360, 395, 439], "summary": {"covered_lines": 23, "num_statements": 110, "percent_covered": 14.024390243902438, "percent_covered_display": "14", "missing_lines": 87, "excluded_lines": 0, "percent_statements_covered": 20.90909090909091, "percent_statements_covered_display": "21", "num_branches": 54, "num_partial_branches": 0, "covered_branches": 0, "missing_branches": 54, "percent_branches_covered": 0.0, "percent_branches_covered_display": "0"}, "missing_lines": [55, 56, 58, 60, 61, 64, 67, 68, 74, 75, 80, 102, 103, 105, 107, 108, 111, 112, 119, 120, 121, 123, 126, 127, 132, 133, 138, 177, 178, 180, 183, 186, 187, 193, 196, 197, 198, 204, 206, 207, 208, 209, 211, 256, 257, 258, 259, 260, 266, 268, 269, 272, 273, 276, 277, 278, 280, 308, 311, 313, 314, 319, 340, 343, 345, 346, 351, 352, 357, 377, 380, 382, 383, 388, 416, 417, 422, 424, 425, 430, 431, 436, 458, 459, 464, 465, 470], "excluded_lines": [], "executed_branches": [], "missing_branches": [[55, 56], [55, 58], [60, 61], [60, 64], [67, 68], [67, 74], [74, 75], [74, 80], [102, 103], [102, 105], [107, 108], [107, 111], [111, 112], [111, 119], [120, 121], [120, 123], [126, 127], [126, 132], [132, 133], [132, 138], [177, 178], [177, 180], [186, 187], [186, 193], [197, 198], [197, 204], [204, 206], [204, 211], [266, 268], [266, 276], [268, 269], [268, 272], [272, 266], [272, 273], [277, 278], [277, 280], [313, 314], [313, 319], [345, 346], [345, 351], [351, 352], [351, 357], [382, 383], [382, 388], [416, 417], [416, 422], [424, 425], [424, 430], [430, 431], [430, 436], [458, 459], [458, 464], [464, 465], [464, 470]], "functions": {"validate_email": {"executed_lines": [], "summary": {"covered_lines": 0, "num_statements": 11, "percent_covered": 0.0, "percent_covered_display": "0", "missing_lines": 11, "excluded_lines": 0, "percent_statements_covered": 0.0, "percent_statements_covered_display": "0", "num_branches": 8, "num_partial_branches": 0, "covered_branches": 0, "missing_branches": 8, "percent_branches_covered": 0.0, "percent_branches_covered_display": "0"}, "missing_lines": [55, 56, 58, 60, 61, 64, 67, 68, 74, 75, 80], "excluded_lines": [], "executed_branches": [], "missing_branches": [[55, 56], [55, 58], [60, 61], [60, 64], [67, 68], [67, 74], [74, 75], [74, 80]]}, "validate_phone": {"executed_lines": [], "summary": {"covered_lines": 0, "num_statements": 16, "percent_covered": 0.0, "percent_covered_display": "0", "missing_lines": 16, "excluded_lines": 0, "percent_statements_covered": 0.0, "percent_statements_covered_display": "0", "num_branches": 12, "num_partial_branches": 0, "covered_branches": 0, "missing_branches": 12, "percent_branches_covered": 0.0, "percent_branches_covered_display": "0"}, "missing_lines": [102, 103, 105, 107, 108, 111, 112, 119, 120, 121, 123, 126, 127, 132, 133, 138], "excluded_lines": [], "executed_branches": [], "missing_branches": [[102, 103], [102, 105], [107, 108], [107, 111], [111, 112], [111, 119], [120, 121], [120, 123], [126, 127], [126, 132], [132, 133], [132, 138]]}, "sanitize_filename": {"executed_lines": [], "summary": {"covered_lines": 0, "num_statements": 16, "percent_covered": 0.0, "percent_covered_display": "0", "missing_lines": 16, "excluded_lines": 0, "percent_statements_covered": 0.0, "percent_statements_covered_display": "0", "num_branches": 8, "num_partial_branches": 0, "covered_branches": 0, "missing_branches": 8, "percent_branches_covered": 0.0, "percent_branches_covered_display": "0"}, "missing_lines": [177, 178, 180, 183, 186, 187, 193, 196, 197, 198, 204, 206, 207, 208, 209, 211], "excluded_lines": [], "executed_branches": [], "missing_branches": [[177, 178], [177, 180], [186, 187], [186, 193], [197, 198], [197, 204], [204, 206], [204, 211]]}, "validate_audio_file_header": {"executed_lines": [], "summary": {"covered_lines": 0, "num_statements": 14, "percent_covered": 0.0, "percent_covered_display": "0", "missing_lines": 14, "excluded_lines": 0, "percent_statements_covered": 0.0, "percent_statements_covered_display": "0", "num_branches": 8, "num_partial_branches": 0, "covered_branches": 0, "missing_branches": 8, "percent_branches_covered": 0.0, "percent_branches_covered_display": "0"}, "missing_lines": [256, 257, 258, 259, 260, 266, 268, 269, 272, 273, 276, 277, 278, 280], "excluded_lines": [], "executed_branches": [], "missing_branches": [[266, 268], [266, 276], [268, 269], [268, 272], [272, 266], [272, 273], [277, 278], [277, 280]]}, "validate_patient_exists": {"executed_lines": [], "summary": {"covered_lines": 0, "num_statements": 5, "percent_covered": 0.0, "percent_covered_display": "0", "missing_lines": 5, "excluded_lines": 0, "percent_statements_covered": 0.0, "percent_statements_covered_display": "0", "num_branches": 2, "num_partial_branches": 0, "covered_branches": 0, "missing_branches": 2, "percent_branches_covered": 0.0, "percent_branches_covered_display": "0"}, "missing_lines": [308, 311, 313, 314, 319], "excluded_lines": [], "executed_branches": [], "missing_branches": [[313, 314], [313, 319]]}, "validate_therapist_exists": {"executed_lines": [], "summary": {"covered_lines": 0, "num_statements": 7, "percent_covered": 0.0, "percent_covered_display": "0", "missing_lines": 7, "excluded_lines": 0, "percent_statements_covered": 0.0, "percent_statements_covered_display": "0", "num_branches": 4, "num_partial_branches": 0, "covered_branches": 0, "missing_branches": 4, "percent_branches_covered": 0.0, "percent_branches_covered_display": "0"}, "missing_lines": [340, 343, 345, 346, 351, 352, 357], "excluded_lines": [], "executed_branches": [], "missing_branches": [[345, 346], [345, 351], [351, 352], [351, 357]]}, "validate_session_exists": {"executed_lines": [], "summary": {"covered_lines": 0, "num_statements": 5, "percent_covered": 0.0, "percent_covered_display": "0", "missing_lines": 5, "excluded_lines": 0, "percent_statements_covered": 0.0, "percent_statements_covered_display": "0", "num_branches": 2, "num_partial_branches": 0, "covered_branches": 0, "missing_branches": 2, "percent_branches_covered": 0.0, "percent_branches_covered_display": "0"}, "missing_lines": [377, 380, 382, 383, 388], "excluded_lines": [], "executed_branches": [], "missing_branches": [[382, 383], [382, 388]]}, "validate_required_string": {"executed_lines": [], "summary": {"covered_lines": 0, "num_statements": 8, "percent_covered": 0.0, "percent_covered_display": "0", "missing_lines": 8, "excluded_lines": 0, "percent_statements_covered": 0.0, "percent_statements_covered_display": "0", "num_branches": 6, "num_partial_branches": 0, "covered_branches": 0, "missing_branches": 6, "percent_branches_covered": 0.0, "percent_branches_covered_display": "0"}, "missing_lines": [416, 417, 422, 424, 425, 430, 431, 436], "excluded_lines": [], "executed_branches": [], "missing_branches": [[416, 417], [416, 422], [424, 425], [424, 430], [430, 431], [430, 436]]}, "validate_positive_int": {"executed_lines": [], "summary": {"covered_lines": 0, "num_statements": 5, "percent_covered": 0.0, "percent_covered_display": "0", "missing_lines": 5, "excluded_lines": 0, "percent_statements_covered": 0.0, "percent_statements_covered_display": "0", "num_branches": 4, "num_partial_branches": 0, "covered_branches": 0, "missing_branches": 4, "percent_branches_covered": 0.0, "percent_branches_covered_display": "0"}, "missing_lines": [458, 459, 464, 465, 470], "excluded_lines": [], "executed_branches": [], "missing_branches": [[458, 459], [458, 464], [464, 465], [464, 470]]}, "": {"executed_lines": [1, 11, 12, 13, 14, 15, 16, 17, 18, 20, 28, 34, 41, 83, 146, 149, 156, 219, 240, 291, 322, 360, 395, 439], "summary": {"covered_lines": 23, "num_statements": 23, "percent_covered": 100.0, "percent_covered_display": "100", "missing_lines": 0, "excluded_lines": 0, "percent_statements_covered": 100.0, "percent_statements_covered_display": "100", "num_branches": 0, "num_partial_branches": 0, "covered_branches": 0, "missing_branches": 0, "percent_branches_covered": 100.0, "percent_branches_covered_display": "100"}, "missing_lines": [], "excluded_lines": [], "executed_branches": [], "missing_branches": []}}, "classes": {"": {"executed_lines": [1, 11, 12, 13, 14, 15, 16, 17, 18, 20, 28, 34, 41, 83, 146, 149, 156, 219, 240, 291, 322, 360, 395, 439], "summary": {"covered_lines": 23, "num_statements": 110, "percent_covered": 14.024390243902438, "percent_covered_display": "14", "missing_lines": 87, "excluded_lines": 0, "percent_statements_covered": 20.90909090909091, "percent_statements_covered_display": "21", "num_branches": 54, "num_partial_branches": 0, "covered_branches": 0, "missing_branches": 54, "percent_branches_covered": 0.0, "percent_branches_covered_display": "0"}, "missing_lines": [55, 56, 58, 60, 61, 64, 67, 68, 74, 75, 80, 102, 103, 105, 107, 108, 111, 112, 119, 120, 121, 123, 126, 127, 132, 133, 138, 177, 178, 180, 183, 186, 187, 193, 196, 197, 198, 204, 206, 207, 208, 209, 211, 256, 257, 258, 259, 260, 266, 268, 269, 272, 273, 276, 277, 278, 280, 308, 311, 313, 314, 319, 340, 343, 345, 346, 351, 352, 357, 377, 380, 382, 383, 388, 416, 417, 422, 424, 425, 430, 431, 436, 458, 459, 464, 465, 470], "excluded_lines": [], "executed_branches": [], "missing_branches": [[55, 56], [55, 58], [60, 61], [60, 64], [67, 68], [67, 74], [74, 75], [74, 80], [102, 103], [102, 105], [107, 108], [107, 111], [111, 112], [111, 119], [120, 121], [120, 123], [126, 127], [126, 132], [132, 133], [132, 138], [177, 178], [177, 180], [186, 187], [186, 193], [197, 198], [197, 204], [204, 206], [204, 211], [266, 268], [266, 276], [268, 269], [268, 272], [272, 266], [272, 273], [277, 278], [277, 280], [313, 314], [313, 319], [345, 346], [345, 351], [351, 352], [351, 357], [382, 383], [382, 388], [416, 417], [416, 422], [424, 425], [424, 430], [430, 431], [430, 436], [458, 459], [458, 464], [464, 465], [464, 470]]}}}}, "totals": {"covered_lines": 3637, "num_statements": 8437, "percent_covered": 35.73035906467078, "percent_covered_display": "36", "missing_lines": 4800, "excluded_lines": 4, "percent_statements_covered": 43.10773971790921, "percent_statements_covered_display": "43", "num_branches": 1784, "num_partial_branches": 15, "covered_branches": 15, "missing_branches": 1769, "percent_branches_covered": 0.8408071748878924, "percent_branches_covered_display": "1"}}